# JRE version: Java(TM) SE Runtime Environment (8.0_51-b16) (build 1.8.0_51-b16)
# Java VM: Java HotSpot(TM) 64-Bit Server VM (25.51-b03 mixed mode windows-amd64 compressed oops)
Heap:
 PSYoungGen      total 162304K, used 125269K [0x00000000d6d00000, 0x00000000e1b00000, 0x0000000100000000)
  eden space 150016K, 83% used [0x00000000d6d00000,0x00000000de7554e8,0x00000000dff80000)
  from space 12288K, 0% used [0x00000000e0d00000,0x00000000e0d00000,0x00000000e1900000)
  to   space 13824K, 0% used [0x00000000dff80000,0x00000000dff80000,0x00000000e0d00000)
 ParOldGen       total 116736K, used 23641K [0x0000000084600000, 0x000000008b800000, 0x00000000d6d00000)
  object space 116736K, 20% used [0x0000000084600000,0x0000000085d16768,0x000000008b800000)
 Metaspace       used 44539K, capacity 44896K, committed 45312K, reserved 1089536K
  class space    used 5718K, capacity 5811K, committed 5888K, reserved 1048576K
GC Heap History (10 events):
Event: 5.129 GC heap before
{Heap before GC invocations=8 (full 1):
 PSYoungGen      total 137216K, used 8460K [0x00000000d6d00000, 0x00000000dfd00000, 0x0000000100000000)
  eden space 126976K, 0% used [0x00000000d6d00000,0x00000000d6d00000,0x00000000de900000)
  from space 10240K, 82% used [0x00000000de900000,0x00000000df1433c0,0x00000000df300000)
  to   space 9728K, 0% used [0x00000000df380000,0x00000000df380000,0x00000000dfd00000)
 ParOldGen       total 84992K, used 15151K [0x0000000084600000, 0x0000000089900000, 0x00000000d6d00000)
  object space 84992K, 17% used [0x0000000084600000,0x00000000854cbda0,0x0000000089900000)
 Metaspace       used 20953K, capacity 21124K, committed 21296K, reserved 1069056K
  class space    used 2550K, capacity 2587K, committed 2688K, reserved 1048576K
Event: 5.387 GC heap after
Heap after GC invocations=8 (full 1):
 PSYoungGen      total 137216K, used 0K [0x00000000d6d00000, 0x00000000dfd00000, 0x0000000100000000)
  eden space 126976K, 0% used [0x00000000d6d00000,0x00000000d6d00000,0x00000000de900000)
  from space 10240K, 0% used [0x00000000de900000,0x00000000de900000,0x00000000df300000)
  to   space 9728K, 0% used [0x00000000df380000,0x00000000df380000,0x00000000dfd00000)
 ParOldGen       total 71680K, used 15188K [0x0000000084600000, 0x0000000088c00000, 0x00000000d6d00000)
  object space 71680K, 21% used [0x0000000084600000,0x00000000854d5160,0x0000000088c00000)
 Metaspace       used 20953K, capacity 21124K, committed 21296K, reserved 1069056K
  class space    used 2550K, capacity 2587K, committed 2688K, reserved 1048576K
}
Event: 7.431 GC heap before
{Heap before GC invocations=9 (full 1):
 PSYoungGen      total 137216K, used 126976K [0x00000000d6d00000, 0x00000000dfd00000, 0x0000000100000000)
  eden space 126976K, 100% used [0x00000000d6d00000,0x00000000de900000,0x00000000de900000)
  from space 10240K, 0% used [0x00000000de900000,0x00000000de900000,0x00000000df300000)
  to   space 9728K, 0% used [0x00000000df380000,0x00000000df380000,0x00000000dfd00000)
 ParOldGen       total 71680K, used 15188K [0x0000000084600000, 0x0000000088c00000, 0x00000000d6d00000)
  object space 71680K, 21% used [0x0000000084600000,0x00000000854d5160,0x0000000088c00000)
 Metaspace       used 27892K, capacity 28058K, committed 28416K, reserved 1075200K
  class space    used 3424K, capacity 3460K, committed 3584K, reserved 1048576K
Event: 7.467 GC heap after
Heap after GC invocations=9 (full 1):
 PSYoungGen      total 136704K, used 9490K [0x00000000d6d00000, 0x00000000e2980000, 0x0000000100000000)
  eden space 126976K, 0% used [0x00000000d6d00000,0x00000000d6d00000,0x00000000de900000)
  from space 9728K, 97% used [0x00000000df380000,0x00000000dfcc4860,0x00000000dfd00000)
  to   space 10752K, 0% used [0x00000000de900000,0x00000000de900000,0x00000000df380000)
 ParOldGen       total 71680K, used 15196K [0x0000000084600000, 0x0000000088c00000, 0x00000000d6d00000)
  object space 71680K, 21% used [0x0000000084600000,0x00000000854d7160,0x0000000088c00000)
 Metaspace       used 27892K, capacity 28058K, committed 28416K, reserved 1075200K
  class space    used 3424K, capacity 3460K, committed 3584K, reserved 1048576K
}
Event: 8.897 GC heap before
{Heap before GC invocations=10 (full 1):
 PSYoungGen      total 136704K, used 136466K [0x00000000d6d00000, 0x00000000e2980000, 0x0000000100000000)
  eden space 126976K, 100% used [0x00000000d6d00000,0x00000000de900000,0x00000000de900000)
  from space 9728K, 97% used [0x00000000df380000,0x00000000dfcc4860,0x00000000dfd00000)
  to   space 10752K, 0% used [0x00000000de900000,0x00000000de900000,0x00000000df380000)
 ParOldGen       total 71680K, used 15196K [0x0000000084600000, 0x0000000088c00000, 0x00000000d6d00000)
  object space 71680K, 21% used [0x0000000084600000,0x00000000854d7160,0x0000000088c00000)
 Metaspace       used 30316K, capacity 30526K, committed 30720K, reserved 1077248K
  class space    used 3726K, capacity 3786K, committed 3840K, reserved 1048576K
Event: 8.914 GC heap after
Heap after GC invocations=10 (full 1):
 PSYoungGen      total 137728K, used 10737K [0x00000000d6d00000, 0x00000000e1900000, 0x0000000100000000)
  eden space 126976K, 0% used [0x00000000d6d00000,0x00000000d6d00000,0x00000000de900000)
  from space 10752K, 99% used [0x00000000de900000,0x00000000df37c7a8,0x00000000df380000)
  to   space 12288K, 0% used [0x00000000e0d00000,0x00000000e0d00000,0x00000000e1900000)
 ParOldGen       total 71680K, used 16385K [0x0000000084600000, 0x0000000088c00000, 0x00000000d6d00000)
  object space 71680K, 22% used [0x0000000084600000,0x00000000856004f8,0x0000000088c00000)
 Metaspace       used 30316K, capacity 30526K, committed 30720K, reserved 1077248K
  class space    used 3726K, capacity 3786K, committed 3840K, reserved 1048576K
}
Event: 10.033 GC heap before
{Heap before GC invocations=11 (full 1):
 PSYoungGen      total 137728K, used 64268K [0x00000000d6d00000, 0x00000000e1900000, 0x0000000100000000)
  eden space 126976K, 42% used [0x00000000d6d00000,0x00000000da146a70,0x00000000de900000)
  from space 10752K, 99% used [0x00000000de900000,0x00000000df37c7a8,0x00000000df380000)
  to   space 12288K, 0% used [0x00000000e0d00000,0x00000000e0d00000,0x00000000e1900000)
 ParOldGen       total 71680K, used 16385K [0x0000000084600000, 0x0000000088c00000, 0x00000000d6d00000)
  object space 71680K, 22% used [0x0000000084600000,0x00000000856004f8,0x0000000088c00000)
 Metaspace       used 34926K, capacity 35198K, committed 35496K, reserved 1081344K
  class space    used 4447K, capacity 4552K, committed 4608K, reserved 1048576K
Event: 10.053 GC heap after
Heap after GC invocations=11 (full 1):
 PSYoungGen      total 162304K, used 12265K [0x00000000d6d00000, 0x00000000e1b00000, 0x0000000100000000)
  eden space 150016K, 0% used [0x00000000d6d00000,0x00000000d6d00000,0x00000000dff80000)
  from space 12288K, 99% used [0x00000000e0d00000,0x00000000e18fa5e8,0x00000000e1900000)
  to   space 13824K, 0% used [0x00000000dff80000,0x00000000dff80000,0x00000000e0d00000)
 ParOldGen       total 71680K, used 17814K [0x0000000084600000, 0x0000000088c00000, 0x00000000d6d00000)
  object space 71680K, 24% used [0x0000000084600000,0x0000000085765b58,0x0000000088c00000)
 Metaspace       used 34926K, capacity 35198K, committed 35496K, reserved 1081344K
  class space    used 4447K, capacity 4552K, committed 4608K, reserved 1048576K
}
Event: 10.053 GC heap before
{Heap before GC invocations=12 (full 2):
 PSYoungGen      total 162304K, used 12265K [0x00000000d6d00000, 0x00000000e1b00000, 0x0000000100000000)
  eden space 150016K, 0% used [0x00000000d6d00000,0x00000000d6d00000,0x00000000dff80000)
  from space 12288K, 99% used [0x00000000e0d00000,0x00000000e18fa5e8,0x00000000e1900000)
  to   space 13824K, 0% used [0x00000000dff80000,0x00000000dff80000,0x00000000e0d00000)
 ParOldGen       total 71680K, used 17814K [0x0000000084600000, 0x0000000088c00000, 0x00000000d6d00000)
  object space 71680K, 24% used [0x0000000084600000,0x0000000085765b58,0x0000000088c00000)
 Metaspace       used 34926K, capacity 35198K, committed 35496K, reserved 1081344K
  class space    used 4447K, capacity 4552K, committed 4608K, reserved 1048576K
Event: 10.331 GC heap after
Heap after GC invocations=12 (full 2):
 PSYoungGen      total 162304K, used 0K [0x00000000d6d00000, 0x00000000e1b00000, 0x0000000100000000)
  eden space 150016K, 0% used [0x00000000d6d00000,0x00000000d6d00000,0x00000000dff80000)
  from space 12288K, 0% used [0x00000000e0d00000,0x00000000e0d00000,0x00000000e1900000)
  to   space 13824K, 0% used [0x00000000dff80000,0x00000000dff80000,0x00000000e0d00000)
 ParOldGen       total 116736K, used 23641K [0x0000000084600000, 0x000000008b800000, 0x00000000d6d00000)
  object space 116736K, 20% used [0x0000000084600000,0x0000000085d16768,0x000000008b800000)
 Metaspace       used 34926K, capacity 35198K, committed 35496K, reserved 1081344K
  class space    used 4447K, capacity 4552K, committed 4608K, reserved 1048576K
}

