# JRE version: Java(TM) SE Runtime Environment (8.0_51-b16) (build 1.8.0_51-b16)
# Java VM: Java HotSpot(TM) 64-Bit Server VM (25.51-b03 mixed mode windows-amd64 compressed oops)
Heap:
 PSYoungGen      total 263168K, used 9117K [0x00000000d6d00000, 0x00000000ed980000, 0x0000000100000000)
  eden space 251392K, 3% used [0x00000000d6d00000,0x00000000d75e7520,0x00000000e6280000)
  from space 11776K, 0% used [0x00000000e6280000,0x00000000e6280000,0x00000000e6e00000)
  to   space 14336K, 0% used [0x00000000ecb80000,0x00000000ecb80000,0x00000000ed980000)
 ParOldGen       total 57344K, used 24911K [0x0000000084600000, 0x0000000087e00000, 0x00000000d6d00000)
  object space 57344K, 43% used [0x0000000084600000,0x0000000085e53d10,0x0000000087e00000)
 Metaspace       used 36218K, capacity 36510K, committed 36904K, reserved 1081344K
  class space    used 4541K, capacity 4648K, committed 4656K, reserved 1048576K
GC Heap History (10 events):
Event: 5.514 GC heap before
{Heap before GC invocations=7 (full 0):
 PSYoungGen      total 137216K, used 87890K [0x00000000d6d00000, 0x00000000dfe00000, 0x0000000100000000)
  eden space 126976K, 63% used [0x00000000d6d00000,0x00000000dbc58048,0x00000000de900000)
  from space 10240K, 64% used [0x00000000df400000,0x00000000dfa7c8d0,0x00000000dfe00000)
  to   space 10752K, 0% used [0x00000000de900000,0x00000000de900000,0x00000000df380000)
 ParOldGen       total 84992K, used 13003K [0x0000000084600000, 0x0000000089900000, 0x00000000d6d00000)
  object space 84992K, 15% used [0x0000000084600000,0x00000000852b2d30,0x0000000089900000)
 Metaspace       used 21025K, capacity 21188K, committed 21296K, reserved 1069056K
  class space    used 2557K, capacity 2587K, committed 2608K, reserved 1048576K
Event: 5.709 GC heap after
Heap after GC invocations=7 (full 0):
 PSYoungGen      total 137728K, used 9150K [0x00000000d6d00000, 0x00000000e7b00000, 0x0000000100000000)
  eden space 126976K, 0% used [0x00000000d6d00000,0x00000000d6d00000,0x00000000de900000)
  from space 10752K, 85% used [0x00000000de900000,0x00000000df1ef910,0x00000000df380000)
  to   space 11264K, 0% used [0x00000000e7000000,0x00000000e7000000,0x00000000e7b00000)
 ParOldGen       total 84992K, used 14408K [0x0000000084600000, 0x0000000089900000, 0x00000000d6d00000)
  object space 84992K, 16% used [0x0000000084600000,0x00000000854120e0,0x0000000089900000)
 Metaspace       used 21025K, capacity 21188K, committed 21296K, reserved 1069056K
  class space    used 2557K, capacity 2587K, committed 2608K, reserved 1048576K
}
Event: 5.709 GC heap before
{Heap before GC invocations=8 (full 1):
 PSYoungGen      total 137728K, used 9150K [0x00000000d6d00000, 0x00000000e7b00000, 0x0000000100000000)
  eden space 126976K, 0% used [0x00000000d6d00000,0x00000000d6d00000,0x00000000de900000)
  from space 10752K, 85% used [0x00000000de900000,0x00000000df1ef910,0x00000000df380000)
  to   space 11264K, 0% used [0x00000000e7000000,0x00000000e7000000,0x00000000e7b00000)
 ParOldGen       total 84992K, used 14408K [0x0000000084600000, 0x0000000089900000, 0x00000000d6d00000)
  object space 84992K, 16% used [0x0000000084600000,0x00000000854120e0,0x0000000089900000)
 Metaspace       used 21025K, capacity 21188K, committed 21296K, reserved 1069056K
  class space    used 2557K, capacity 2587K, committed 2608K, reserved 1048576K
Event: 5.783 GC heap after
Heap after GC invocations=8 (full 1):
 PSYoungGen      total 137728K, used 0K [0x00000000d6d00000, 0x00000000e7b00000, 0x0000000100000000)
  eden space 126976K, 0% used [0x00000000d6d00000,0x00000000d6d00000,0x00000000de900000)
  from space 10752K, 0% used [0x00000000de900000,0x00000000de900000,0x00000000df380000)
  to   space 11264K, 0% used [0x00000000e7000000,0x00000000e7000000,0x00000000e7b00000)
 ParOldGen       total 57344K, used 16290K [0x0000000084600000, 0x0000000087e00000, 0x00000000d6d00000)
  object space 57344K, 28% used [0x0000000084600000,0x00000000855e8ad8,0x0000000087e00000)
 Metaspace       used 21025K, capacity 21188K, committed 21296K, reserved 1069056K
  class space    used 2557K, capacity 2587K, committed 2608K, reserved 1048576K
}
Event: 8.642 GC heap before
{Heap before GC invocations=9 (full 1):
 PSYoungGen      total 137728K, used 126976K [0x00000000d6d00000, 0x00000000e7b00000, 0x0000000100000000)
  eden space 126976K, 100% used [0x00000000d6d00000,0x00000000de900000,0x00000000de900000)
  from space 10752K, 0% used [0x00000000de900000,0x00000000de900000,0x00000000df380000)
  to   space 11264K, 0% used [0x00000000e7000000,0x00000000e7000000,0x00000000e7b00000)
 ParOldGen       total 57344K, used 16290K [0x0000000084600000, 0x0000000087e00000, 0x00000000d6d00000)
  object space 57344K, 28% used [0x0000000084600000,0x00000000855e8ad8,0x0000000087e00000)
 Metaspace       used 27807K, capacity 27994K, committed 28336K, reserved 1075200K
  class space    used 3417K, capacity 3460K, committed 3504K, reserved 1048576K
Event: 8.654 GC heap after
Heap after GC invocations=9 (full 1):
 PSYoungGen      total 240640K, used 9420K [0x00000000d6d00000, 0x00000000e7980000, 0x0000000100000000)
  eden space 230912K, 0% used [0x00000000d6d00000,0x00000000d6d00000,0x00000000e4e80000)
  from space 9728K, 96% used [0x00000000e7000000,0x00000000e7933048,0x00000000e7980000)
  to   space 11776K, 0% used [0x00000000e6280000,0x00000000e6280000,0x00000000e6e00000)
 ParOldGen       total 57344K, used 16298K [0x0000000084600000, 0x0000000087e00000, 0x00000000d6d00000)
  object space 57344K, 28% used [0x0000000084600000,0x00000000855eaad8,0x0000000087e00000)
 Metaspace       used 27807K, capacity 27994K, committed 28336K, reserved 1075200K
  class space    used 3417K, capacity 3460K, committed 3504K, reserved 1048576K
}
Event: 11.587 GC heap before
{Heap before GC invocations=10 (full 1):
 PSYoungGen      total 240640K, used 185074K [0x00000000d6d00000, 0x00000000e7980000, 0x0000000100000000)
  eden space 230912K, 76% used [0x00000000d6d00000,0x00000000e1889a10,0x00000000e4e80000)
  from space 9728K, 96% used [0x00000000e7000000,0x00000000e7933048,0x00000000e7980000)
  to   space 11776K, 0% used [0x00000000e6280000,0x00000000e6280000,0x00000000e6e00000)
 ParOldGen       total 57344K, used 16298K [0x0000000084600000, 0x0000000087e00000, 0x00000000d6d00000)
  object space 57344K, 28% used [0x0000000084600000,0x00000000855eaad8,0x0000000087e00000)
 Metaspace       used 34879K, capacity 35166K, committed 35496K, reserved 1081344K
  class space    used 4445K, capacity 4520K, committed 4528K, reserved 1048576K
Event: 11.763 GC heap after
Heap after GC invocations=10 (full 1):
 PSYoungGen      total 263168K, used 11762K [0x00000000d6d00000, 0x00000000ed980000, 0x0000000100000000)
  eden space 251392K, 0% used [0x00000000d6d00000,0x00000000d6d00000,0x00000000e6280000)
  from space 11776K, 99% used [0x00000000e6280000,0x00000000e6dfcbe8,0x00000000e6e00000)
  to   space 14336K, 0% used [0x00000000ecb80000,0x00000000ecb80000,0x00000000ed980000)
 ParOldGen       total 57344K, used 19742K [0x0000000084600000, 0x0000000087e00000, 0x00000000d6d00000)
  object space 57344K, 34% used [0x0000000084600000,0x00000000859478a8,0x0000000087e00000)
 Metaspace       used 34879K, capacity 35166K, committed 35496K, reserved 1081344K
  class space    used 4445K, capacity 4520K, committed 4528K, reserved 1048576K
}
Event: 11.763 GC heap before
{Heap before GC invocations=11 (full 2):
 PSYoungGen      total 263168K, used 11762K [0x00000000d6d00000, 0x00000000ed980000, 0x0000000100000000)
  eden space 251392K, 0% used [0x00000000d6d00000,0x00000000d6d00000,0x00000000e6280000)
  from space 11776K, 99% used [0x00000000e6280000,0x00000000e6dfcbe8,0x00000000e6e00000)
  to   space 14336K, 0% used [0x00000000ecb80000,0x00000000ecb80000,0x00000000ed980000)
 ParOldGen       total 57344K, used 19742K [0x0000000084600000, 0x0000000087e00000, 0x00000000d6d00000)
  object space 57344K, 34% used [0x0000000084600000,0x00000000859478a8,0x0000000087e00000)
 Metaspace       used 34879K, capacity 35166K, committed 35496K, reserved 1081344K
  class space    used 4445K, capacity 4520K, committed 4528K, reserved 1048576K
Event: 11.885 GC heap after
Heap after GC invocations=11 (full 2):
 PSYoungGen      total 263168K, used 0K [0x00000000d6d00000, 0x00000000ed980000, 0x0000000100000000)
  eden space 251392K, 0% used [0x00000000d6d00000,0x00000000d6d00000,0x00000000e6280000)
  from space 11776K, 0% used [0x00000000e6280000,0x00000000e6280000,0x00000000e6e00000)
  to   space 14336K, 0% used [0x00000000ecb80000,0x00000000ecb80000,0x00000000ed980000)
 ParOldGen       total 57344K, used 24911K [0x0000000084600000, 0x0000000087e00000, 0x00000000d6d00000)
  object space 57344K, 43% used [0x0000000084600000,0x0000000085e53d10,0x0000000087e00000)
 Metaspace       used 34879K, capacity 35166K, committed 35496K, reserved 1081344K
  class space    used 4445K, capacity 4520K, committed 4528K, reserved 1048576K
}

