# JRE version: Java(TM) SE Runtime Environment (8.0_51-b16) (build 1.8.0_51-b16)
# Java VM: Java HotSpot(TM) 64-Bit Server VM (25.51-b03 mixed mode windows-amd64 compressed oops)
Heap:
 PSYoungGen      total 68608K, used 37844K [0x00000000d6d00000, 0x00000000db500000, 0x0000000100000000)
  eden space 63488K, 51% used [0x00000000d6d00000,0x00000000d8cf8af8,0x00000000dab00000)
  from space 5120K, 99% used [0x00000000db000000,0x00000000db4fc7c8,0x00000000db500000)
  to   space 5120K, 0% used [0x00000000dab00000,0x00000000dab00000,0x00000000db000000)
 ParOldGen       total 84992K, used 13114K [0x0000000084600000, 0x0000000089900000, 0x00000000d6d00000)
  object space 84992K, 15% used [0x0000000084600000,0x00000000852ce8c8,0x0000000089900000)
 Metaspace       used 19673K, capacity 19892K, committed 20096K, reserved 1067008K
  class space    used 2358K, capacity 2419K, committed 2432K, reserved 1048576K
GC Heap History (8 events):
Event: 1.121 GC heap before
{Heap before GC invocations=1 (full 0):
 PSYoungGen      total 36864K, used 31744K [0x00000000d6d00000, 0x00000000d9600000, 0x0000000100000000)
  eden space 31744K, 100% used [0x00000000d6d00000,0x00000000d8c00000,0x00000000d8c00000)
  from space 5120K, 0% used [0x00000000d9100000,0x00000000d9100000,0x00000000d9600000)
  to   space 5120K, 0% used [0x00000000d8c00000,0x00000000d8c00000,0x00000000d9100000)
 ParOldGen       total 84992K, used 0K [0x0000000084600000, 0x0000000089900000, 0x00000000d6d00000)
  object space 84992K, 0% used [0x0000000084600000,0x0000000084600000,0x0000000089900000)
 Metaspace       used 8026K, capacity 8174K, committed 8192K, reserved 1056768K
  class space    used 990K, capacity 1015K, committed 1024K, reserved 1048576K
Event: 1.147 GC heap after
Heap after GC invocations=1 (full 0):
 PSYoungGen      total 36864K, used 5106K [0x00000000d6d00000, 0x00000000db500000, 0x0000000100000000)
  eden space 31744K, 0% used [0x00000000d6d00000,0x00000000d6d00000,0x00000000d8c00000)
  from space 5120K, 99% used [0x00000000d8c00000,0x00000000d90fc860,0x00000000d9100000)
  to   space 5120K, 0% used [0x00000000db000000,0x00000000db000000,0x00000000db500000)
 ParOldGen       total 84992K, used 149K [0x0000000084600000, 0x0000000089900000, 0x00000000d6d00000)
  object space 84992K, 0% used [0x0000000084600000,0x0000000084625638,0x0000000089900000)
 Metaspace       used 8026K, capacity 8174K, committed 8192K, reserved 1056768K
  class space    used 990K, capacity 1015K, committed 1024K, reserved 1048576K
}
Event: 1.669 GC heap before
{Heap before GC invocations=2 (full 0):
 PSYoungGen      total 36864K, used 36850K [0x00000000d6d00000, 0x00000000db500000, 0x0000000100000000)
  eden space 31744K, 100% used [0x00000000d6d00000,0x00000000d8c00000,0x00000000d8c00000)
  from space 5120K, 99% used [0x00000000d8c00000,0x00000000d90fc860,0x00000000d9100000)
  to   space 5120K, 0% used [0x00000000db000000,0x00000000db000000,0x00000000db500000)
 ParOldGen       total 84992K, used 149K [0x0000000084600000, 0x0000000089900000, 0x00000000d6d00000)
  object space 84992K, 0% used [0x0000000084600000,0x0000000084625638,0x0000000089900000)
 Metaspace       used 11784K, capacity 11886K, committed 12032K, reserved 1060864K
  class space    used 1434K, capacity 1463K, committed 1536K, reserved 1048576K
Event: 1.747 GC heap after
Heap after GC invocations=2 (full 0):
 PSYoungGen      total 68608K, used 5103K [0x00000000d6d00000, 0x00000000db500000, 0x0000000100000000)
  eden space 63488K, 0% used [0x00000000d6d00000,0x00000000d6d00000,0x00000000dab00000)
  from space 5120K, 99% used [0x00000000db000000,0x00000000db4fbe40,0x00000000db500000)
  to   space 5120K, 0% used [0x00000000dab00000,0x00000000dab00000,0x00000000db000000)
 ParOldGen       total 84992K, used 3695K [0x0000000084600000, 0x0000000089900000, 0x00000000d6d00000)
  object space 84992K, 4% used [0x0000000084600000,0x000000008499bdf0,0x0000000089900000)
 Metaspace       used 11784K, capacity 11886K, committed 12032K, reserved 1060864K
  class space    used 1434K, capacity 1463K, committed 1536K, reserved 1048576K
}
Event: 3.614 GC heap before
{Heap before GC invocations=3 (full 0):
 PSYoungGen      total 68608K, used 68591K [0x00000000d6d00000, 0x00000000db500000, 0x0000000100000000)
  eden space 63488K, 100% used [0x00000000d6d00000,0x00000000dab00000,0x00000000dab00000)
  from space 5120K, 99% used [0x00000000db000000,0x00000000db4fbe40,0x00000000db500000)
  to   space 5120K, 0% used [0x00000000dab00000,0x00000000dab00000,0x00000000db000000)
 ParOldGen       total 84992K, used 3695K [0x0000000084600000, 0x0000000089900000, 0x00000000d6d00000)
  object space 84992K, 4% used [0x0000000084600000,0x000000008499bdf0,0x0000000089900000)
 Metaspace       used 19124K, capacity 19336K, committed 19584K, reserved 1067008K
  class space    used 2315K, capacity 2385K, committed 2432K, reserved 1048576K
Event: 3.662 GC heap after
Heap after GC invocations=3 (full 0):
 PSYoungGen      total 68608K, used 5118K [0x00000000d6d00000, 0x00000000db500000, 0x0000000100000000)
  eden space 63488K, 0% used [0x00000000d6d00000,0x00000000d6d00000,0x00000000dab00000)
  from space 5120K, 99% used [0x00000000dab00000,0x00000000dafffa68,0x00000000db000000)
  to   space 5120K, 0% used [0x00000000db000000,0x00000000db000000,0x00000000db500000)
 ParOldGen       total 84992K, used 10948K [0x0000000084600000, 0x0000000089900000, 0x00000000d6d00000)
  object space 84992K, 12% used [0x0000000084600000,0x00000000850b1378,0x0000000089900000)
 Metaspace       used 19124K, capacity 19336K, committed 19584K, reserved 1067008K
  class space    used 2315K, capacity 2385K, committed 2432K, reserved 1048576K
}
Event: 4.258 GC heap before
{Heap before GC invocations=4 (full 0):
 PSYoungGen      total 68608K, used 68606K [0x00000000d6d00000, 0x00000000db500000, 0x0000000100000000)
  eden space 63488K, 100% used [0x00000000d6d00000,0x00000000dab00000,0x00000000dab00000)
  from space 5120K, 99% used [0x00000000dab00000,0x00000000dafffa68,0x00000000db000000)
  to   space 5120K, 0% used [0x00000000db000000,0x00000000db000000,0x00000000db500000)
 ParOldGen       total 84992K, used 10948K [0x0000000084600000, 0x0000000089900000, 0x00000000d6d00000)
  object space 84992K, 12% used [0x0000000084600000,0x00000000850b1378,0x0000000089900000)
 Metaspace       used 19669K, capacity 19892K, committed 20096K, reserved 1067008K
  class space    used 2358K, capacity 2419K, committed 2432K, reserved 1048576K
Event: 4.296 GC heap after
Heap after GC invocations=4 (full 0):
 PSYoungGen      total 68608K, used 5105K [0x00000000d6d00000, 0x00000000db500000, 0x0000000100000000)
  eden space 63488K, 0% used [0x00000000d6d00000,0x00000000d6d00000,0x00000000dab00000)
  from space 5120K, 99% used [0x00000000db000000,0x00000000db4fc7c8,0x00000000db500000)
  to   space 5120K, 0% used [0x00000000dab00000,0x00000000dab00000,0x00000000db000000)
 ParOldGen       total 84992K, used 13114K [0x0000000084600000, 0x0000000089900000, 0x00000000d6d00000)
  object space 84992K, 15% used [0x0000000084600000,0x00000000852ce8c8,0x0000000089900000)
 Metaspace       used 19669K, capacity 19892K, committed 20096K, reserved 1067008K
  class space    used 2358K, capacity 2419K, committed 2432K, reserved 1048576K
}

