# JRE version: Java(TM) SE Runtime Environment (8.0_51-b16) (build 1.8.0_51-b16)
# Java VM: Java HotSpot(TM) 64-Bit Server VM (25.51-b03 mixed mode windows-amd64 compressed oops)
Heap:
 PSYoungGen      total 357376K, used 93283K [0x00000000d6d00000, 0x00000000eec80000, 0x0000000100000000)
  eden space 343552K, 23% used [0x00000000d6d00000,0x00000000dba9ac50,0x00000000ebc80000)
  from space 13824K, 99% used [0x00000000ece00000,0x00000000edb7dff0,0x00000000edb80000)
  to   space 17920K, 0% used [0x00000000ebc80000,0x00000000ebc80000,0x00000000ece00000)
 ParOldGen       total 76800K, used 32371K [0x0000000084600000, 0x0000000089100000, 0x00000000d6d00000)
  object space 76800K, 42% used [0x0000000084600000,0x000000008659cee0,0x0000000089100000)
 Metaspace       used 52166K, capacity 52542K, committed 52864K, reserved 1095680K
  class space    used 6622K, capacity 6730K, committed 6784K, reserved 1048576K
GC Heap History (10 events):
Event: 7.264 GC heap before
{Heap before GC invocations=8 (full 1):
 PSYoungGen      total 137728K, used 8928K [0x00000000d6d00000, 0x00000000e7a00000, 0x0000000100000000)
  eden space 126976K, 0% used [0x00000000d6d00000,0x00000000d6d00000,0x00000000de900000)
  from space 10752K, 83% used [0x00000000de900000,0x00000000df1b80e8,0x00000000df380000)
  to   space 10752K, 0% used [0x00000000e6f80000,0x00000000e6f80000,0x00000000e7a00000)
 ParOldGen       total 84992K, used 14683K [0x0000000084600000, 0x0000000089900000, 0x00000000d6d00000)
  object space 84992K, 17% used [0x0000000084600000,0x0000000085456e70,0x0000000089900000)
 Metaspace       used 21008K, capacity 21124K, committed 21296K, reserved 1069056K
  class space    used 2558K, capacity 2587K, committed 2688K, reserved 1048576K
Event: 7.359 GC heap after
Heap after GC invocations=8 (full 1):
 PSYoungGen      total 137728K, used 0K [0x00000000d6d00000, 0x00000000e7a00000, 0x0000000100000000)
  eden space 126976K, 0% used [0x00000000d6d00000,0x00000000d6d00000,0x00000000de900000)
  from space 10752K, 0% used [0x00000000de900000,0x00000000de900000,0x00000000df380000)
  to   space 10752K, 0% used [0x00000000e6f80000,0x00000000e6f80000,0x00000000e7a00000)
 ParOldGen       total 57856K, used 16290K [0x0000000084600000, 0x0000000087e80000, 0x00000000d6d00000)
  object space 57856K, 28% used [0x0000000084600000,0x00000000855e8bd8,0x0000000087e80000)
 Metaspace       used 21008K, capacity 21124K, committed 21296K, reserved 1069056K
  class space    used 2558K, capacity 2587K, committed 2688K, reserved 1048576K
}
Event: 9.907 GC heap before
{Heap before GC invocations=9 (full 1):
 PSYoungGen      total 137728K, used 126976K [0x00000000d6d00000, 0x00000000e7a00000, 0x0000000100000000)
  eden space 126976K, 100% used [0x00000000d6d00000,0x00000000de900000,0x00000000de900000)
  from space 10752K, 0% used [0x00000000de900000,0x00000000de900000,0x00000000df380000)
  to   space 10752K, 0% used [0x00000000e6f80000,0x00000000e6f80000,0x00000000e7a00000)
 ParOldGen       total 57856K, used 16290K [0x0000000084600000, 0x0000000087e80000, 0x00000000d6d00000)
  object space 57856K, 28% used [0x0000000084600000,0x00000000855e8bd8,0x0000000087e80000)
 Metaspace       used 27809K, capacity 27994K, committed 28416K, reserved 1075200K
  class space    used 3422K, capacity 3460K, committed 3584K, reserved 1048576K
Event: 9.962 GC heap after
Heap after GC invocations=9 (full 1):
 PSYoungGen      total 243712K, used 9423K [0x00000000d6d00000, 0x00000000e7900000, 0x0000000100000000)
  eden space 233984K, 0% used [0x00000000d6d00000,0x00000000d6d00000,0x00000000e5180000)
  from space 9728K, 96% used [0x00000000e6f80000,0x00000000e78b3cd0,0x00000000e7900000)
  to   space 11264K, 0% used [0x00000000e6300000,0x00000000e6300000,0x00000000e6e00000)
 ParOldGen       total 57856K, used 16298K [0x0000000084600000, 0x0000000087e80000, 0x00000000d6d00000)
  object space 57856K, 28% used [0x0000000084600000,0x00000000855eabd8,0x0000000087e80000)
 Metaspace       used 27809K, capacity 27994K, committed 28416K, reserved 1075200K
  class space    used 3422K, capacity 3460K, committed 3584K, reserved 1048576K
}
Event: 12.256 GC heap before
{Heap before GC invocations=10 (full 1):
 PSYoungGen      total 243712K, used 186766K [0x00000000d6d00000, 0x00000000e7900000, 0x0000000100000000)
  eden space 233984K, 75% used [0x00000000d6d00000,0x00000000e1a2fb70,0x00000000e5180000)
  from space 9728K, 96% used [0x00000000e6f80000,0x00000000e78b3cd0,0x00000000e7900000)
  to   space 11264K, 0% used [0x00000000e6300000,0x00000000e6300000,0x00000000e6e00000)
 ParOldGen       total 57856K, used 16298K [0x0000000084600000, 0x0000000087e80000, 0x00000000d6d00000)
  object space 57856K, 28% used [0x0000000084600000,0x00000000855eabd8,0x0000000087e80000)
 Metaspace       used 34926K, capacity 35198K, committed 35496K, reserved 1081344K
  class space    used 4447K, capacity 4552K, committed 4608K, reserved 1048576K
Event: 12.272 GC heap after
Heap after GC invocations=10 (full 1):
 PSYoungGen      total 263168K, used 11240K [0x00000000d6d00000, 0x00000000edb80000, 0x0000000100000000)
  eden space 251904K, 0% used [0x00000000d6d00000,0x00000000d6d00000,0x00000000e6300000)
  from space 11264K, 99% used [0x00000000e6300000,0x00000000e6dfa208,0x00000000e6e00000)
  to   space 13824K, 0% used [0x00000000ece00000,0x00000000ece00000,0x00000000edb80000)
 ParOldGen       total 57856K, used 20449K [0x0000000084600000, 0x0000000087e80000, 0x00000000d6d00000)
  object space 57856K, 35% used [0x0000000084600000,0x00000000859f8728,0x0000000087e80000)
 Metaspace       used 34926K, capacity 35198K, committed 35496K, reserved 1081344K
  class space    used 4447K, capacity 4552K, committed 4608K, reserved 1048576K
}
Event: 12.272 GC heap before
{Heap before GC invocations=11 (full 2):
 PSYoungGen      total 263168K, used 11240K [0x00000000d6d00000, 0x00000000edb80000, 0x0000000100000000)
  eden space 251904K, 0% used [0x00000000d6d00000,0x00000000d6d00000,0x00000000e6300000)
  from space 11264K, 99% used [0x00000000e6300000,0x00000000e6dfa208,0x00000000e6e00000)
  to   space 13824K, 0% used [0x00000000ece00000,0x00000000ece00000,0x00000000edb80000)
 ParOldGen       total 57856K, used 20449K [0x0000000084600000, 0x0000000087e80000, 0x00000000d6d00000)
  object space 57856K, 35% used [0x0000000084600000,0x00000000859f8728,0x0000000087e80000)
 Metaspace       used 34926K, capacity 35198K, committed 35496K, reserved 1081344K
  class space    used 4447K, capacity 4552K, committed 4608K, reserved 1048576K
Event: 12.395 GC heap after
Heap after GC invocations=11 (full 2):
 PSYoungGen      total 263168K, used 0K [0x00000000d6d00000, 0x00000000edb80000, 0x0000000100000000)
  eden space 251904K, 0% used [0x00000000d6d00000,0x00000000d6d00000,0x00000000e6300000)
  from space 11264K, 0% used [0x00000000e6300000,0x00000000e6300000,0x00000000e6e00000)
  to   space 13824K, 0% used [0x00000000ece00000,0x00000000ece00000,0x00000000edb80000)
 ParOldGen       total 76800K, used 24999K [0x0000000084600000, 0x0000000089100000, 0x00000000d6d00000)
  object space 76800K, 32% used [0x0000000084600000,0x0000000085e69e40,0x0000000089100000)
 Metaspace       used 34926K, capacity 35198K, committed 35496K, reserved 1081344K
  class space    used 4447K, capacity 4552K, committed 4608K, reserved 1048576K
}
Event: 19.694 GC heap before
{Heap before GC invocations=12 (full 2):
 PSYoungGen      total 263168K, used 251904K [0x00000000d6d00000, 0x00000000edb80000, 0x0000000100000000)
  eden space 251904K, 100% used [0x00000000d6d00000,0x00000000e6300000,0x00000000e6300000)
  from space 11264K, 0% used [0x00000000e6300000,0x00000000e6300000,0x00000000e6e00000)
  to   space 13824K, 0% used [0x00000000ece00000,0x00000000ece00000,0x00000000edb80000)
 ParOldGen       total 76800K, used 24999K [0x0000000084600000, 0x0000000089100000, 0x00000000d6d00000)
  object space 76800K, 32% used [0x0000000084600000,0x0000000085e69e40,0x0000000089100000)
 Metaspace       used 48876K, capacity 49242K, committed 49664K, reserved 1093632K
  class space    used 6198K, capacity 6312K, committed 6400K, reserved 1048576K
Event: 19.747 GC heap after
Heap after GC invocations=12 (full 2):
 PSYoungGen      total 357376K, used 13815K [0x00000000d6d00000, 0x00000000eec80000, 0x0000000100000000)
  eden space 343552K, 0% used [0x00000000d6d00000,0x00000000d6d00000,0x00000000ebc80000)
  from space 13824K, 99% used [0x00000000ece00000,0x00000000edb7dff0,0x00000000edb80000)
  to   space 17920K, 0% used [0x00000000ebc80000,0x00000000ebc80000,0x00000000ece00000)
 ParOldGen       total 76800K, used 32371K [0x0000000084600000, 0x0000000089100000, 0x00000000d6d00000)
  object space 76800K, 42% used [0x0000000084600000,0x000000008659cee0,0x0000000089100000)
 Metaspace       used 48876K, capacity 49242K, committed 49664K, reserved 1093632K
  class space    used 6198K, capacity 6312K, committed 6400K, reserved 1048576K
}

