# JRE version: Java(TM) SE Runtime Environment (8.0_51-b16) (build 1.8.0_51-b16)
# Java VM: Java HotSpot(TM) 64-Bit Server VM (25.51-b03 mixed mode windows-amd64 compressed oops)
Heap:
 PSYoungGen      total 267776K, used 37891K [0x00000000d6d00000, 0x00000000e8000000, 0x0000000100000000)
  eden space 253952K, 9% used [0x00000000d6d00000,0x00000000d8487ff8,0x00000000e6500000)
  from space 13824K, 99% used [0x00000000e6500000,0x00000000e7278e08,0x00000000e7280000)
  to   space 13824K, 0% used [0x00000000e7280000,0x00000000e7280000,0x00000000e8000000)
 ParOldGen       total 58368K, used 31139K [0x0000000084600000, 0x0000000087f00000, 0x00000000d6d00000)
  object space 58368K, 53% used [0x0000000084600000,0x0000000086468e18,0x0000000087f00000)
 Metaspace       used 49517K, capacity 49886K, committed 50216K, reserved 1093632K
  class space    used 6278K, capacity 6378K, committed 6448K, reserved 1048576K
GC Heap History (10 events):
Event: 4.944 GC heap before
{Heap before GC invocations=7 (full 1):
 PSYoungGen      total 267776K, used 6094K [0x00000000d6d00000, 0x00000000e8000000, 0x0000000100000000)
  eden space 253952K, 0% used [0x00000000d6d00000,0x00000000d6d00000,0x00000000e6500000)
  from space 13824K, 44% used [0x00000000e7280000,0x00000000e7873ad0,0x00000000e8000000)
  to   space 13824K, 0% used [0x00000000e6500000,0x00000000e6500000,0x00000000e7280000)
 ParOldGen       total 84992K, used 18129K [0x0000000084600000, 0x0000000089900000, 0x00000000d6d00000)
  object space 84992K, 21% used [0x0000000084600000,0x00000000857b44b8,0x0000000089900000)
 Metaspace       used 21027K, capacity 21188K, committed 21296K, reserved 1069056K
  class space    used 2558K, capacity 2587K, committed 2608K, reserved 1048576K
Event: 5.015 GC heap after
Heap after GC invocations=7 (full 1):
 PSYoungGen      total 267776K, used 0K [0x00000000d6d00000, 0x00000000e8000000, 0x0000000100000000)
  eden space 253952K, 0% used [0x00000000d6d00000,0x00000000d6d00000,0x00000000e6500000)
  from space 13824K, 0% used [0x00000000e7280000,0x00000000e7280000,0x00000000e8000000)
  to   space 13824K, 0% used [0x00000000e6500000,0x00000000e6500000,0x00000000e7280000)
 ParOldGen       total 58368K, used 12074K [0x0000000084600000, 0x0000000087f00000, 0x00000000d6d00000)
  object space 58368K, 20% used [0x0000000084600000,0x00000000851ca810,0x0000000087f00000)
 Metaspace       used 21027K, capacity 21188K, committed 21296K, reserved 1069056K
  class space    used 2558K, capacity 2587K, committed 2608K, reserved 1048576K
}
Event: 9.321 GC heap before
{Heap before GC invocations=8 (full 1):
 PSYoungGen      total 267776K, used 253952K [0x00000000d6d00000, 0x00000000e8000000, 0x0000000100000000)
  eden space 253952K, 100% used [0x00000000d6d00000,0x00000000e6500000,0x00000000e6500000)
  from space 13824K, 0% used [0x00000000e7280000,0x00000000e7280000,0x00000000e8000000)
  to   space 13824K, 0% used [0x00000000e6500000,0x00000000e6500000,0x00000000e7280000)
 ParOldGen       total 58368K, used 12074K [0x0000000084600000, 0x0000000087f00000, 0x00000000d6d00000)
  object space 58368K, 20% used [0x0000000084600000,0x00000000851ca810,0x0000000087f00000)
 Metaspace       used 30320K, capacity 30590K, committed 31024K, reserved 1077248K
  class space    used 3724K, capacity 3786K, committed 3888K, reserved 1048576K
Event: 9.458 GC heap after
Heap after GC invocations=8 (full 1):
 PSYoungGen      total 267776K, used 13806K [0x00000000d6d00000, 0x00000000e8000000, 0x0000000100000000)
  eden space 253952K, 0% used [0x00000000d6d00000,0x00000000d6d00000,0x00000000e6500000)
  from space 13824K, 99% used [0x00000000e6500000,0x00000000e727bb18,0x00000000e7280000)
  to   space 13824K, 0% used [0x00000000e7280000,0x00000000e7280000,0x00000000e8000000)
 ParOldGen       total 58368K, used 15164K [0x0000000084600000, 0x0000000087f00000, 0x00000000d6d00000)
  object space 58368K, 25% used [0x0000000084600000,0x00000000854cf2e8,0x0000000087f00000)
 Metaspace       used 30320K, capacity 30590K, committed 31024K, reserved 1077248K
  class space    used 3724K, capacity 3786K, committed 3888K, reserved 1048576K
}
Event: 10.685 GC heap before
{Heap before GC invocations=9 (full 1):
 PSYoungGen      total 267776K, used 68616K [0x00000000d6d00000, 0x00000000e8000000, 0x0000000100000000)
  eden space 253952K, 21% used [0x00000000d6d00000,0x00000000da286830,0x00000000e6500000)
  from space 13824K, 99% used [0x00000000e6500000,0x00000000e727bb18,0x00000000e7280000)
  to   space 13824K, 0% used [0x00000000e7280000,0x00000000e7280000,0x00000000e8000000)
 ParOldGen       total 58368K, used 15164K [0x0000000084600000, 0x0000000087f00000, 0x00000000d6d00000)
  object space 58368K, 25% used [0x0000000084600000,0x00000000854cf2e8,0x0000000087f00000)
 Metaspace       used 34951K, capacity 35166K, committed 35496K, reserved 1081344K
  class space    used 4444K, capacity 4520K, committed 4528K, reserved 1048576K
Event: 10.708 GC heap after
Heap after GC invocations=9 (full 1):
 PSYoungGen      total 267776K, used 13566K [0x00000000d6d00000, 0x00000000e8000000, 0x0000000100000000)
  eden space 253952K, 0% used [0x00000000d6d00000,0x00000000d6d00000,0x00000000e6500000)
  from space 13824K, 98% used [0x00000000e7280000,0x00000000e7fbfaa8,0x00000000e8000000)
  to   space 13824K, 0% used [0x00000000e6500000,0x00000000e6500000,0x00000000e7280000)
 ParOldGen       total 58368K, used 15172K [0x0000000084600000, 0x0000000087f00000, 0x00000000d6d00000)
  object space 58368K, 25% used [0x0000000084600000,0x00000000854d12e8,0x0000000087f00000)
 Metaspace       used 34951K, capacity 35166K, committed 35496K, reserved 1081344K
  class space    used 4444K, capacity 4520K, committed 4528K, reserved 1048576K
}
Event: 10.708 GC heap before
{Heap before GC invocations=10 (full 2):
 PSYoungGen      total 267776K, used 13566K [0x00000000d6d00000, 0x00000000e8000000, 0x0000000100000000)
  eden space 253952K, 0% used [0x00000000d6d00000,0x00000000d6d00000,0x00000000e6500000)
  from space 13824K, 98% used [0x00000000e7280000,0x00000000e7fbfaa8,0x00000000e8000000)
  to   space 13824K, 0% used [0x00000000e6500000,0x00000000e6500000,0x00000000e7280000)
 ParOldGen       total 58368K, used 15172K [0x0000000084600000, 0x0000000087f00000, 0x00000000d6d00000)
  object space 58368K, 25% used [0x0000000084600000,0x00000000854d12e8,0x0000000087f00000)
 Metaspace       used 34951K, capacity 35166K, committed 35496K, reserved 1081344K
  class space    used 4444K, capacity 4520K, committed 4528K, reserved 1048576K
Event: 10.886 GC heap after
Heap after GC invocations=10 (full 2):
 PSYoungGen      total 267776K, used 0K [0x00000000d6d00000, 0x00000000e8000000, 0x0000000100000000)
  eden space 253952K, 0% used [0x00000000d6d00000,0x00000000d6d00000,0x00000000e6500000)
  from space 13824K, 0% used [0x00000000e7280000,0x00000000e7280000,0x00000000e8000000)
  to   space 13824K, 0% used [0x00000000e6500000,0x00000000e6500000,0x00000000e7280000)
 ParOldGen       total 58368K, used 23292K [0x0000000084600000, 0x0000000087f00000, 0x00000000d6d00000)
  object space 58368K, 39% used [0x0000000084600000,0x0000000085cbf3d8,0x0000000087f00000)
 Metaspace       used 34951K, capacity 35166K, committed 35496K, reserved 1081344K
  class space    used 4444K, capacity 4520K, committed 4528K, reserved 1048576K
}
Event: 14.767 GC heap before
{Heap before GC invocations=11 (full 2):
 PSYoungGen      total 267776K, used 253952K [0x00000000d6d00000, 0x00000000e8000000, 0x0000000100000000)
  eden space 253952K, 100% used [0x00000000d6d00000,0x00000000e6500000,0x00000000e6500000)
  from space 13824K, 0% used [0x00000000e7280000,0x00000000e7280000,0x00000000e8000000)
  to   space 13824K, 0% used [0x00000000e6500000,0x00000000e6500000,0x00000000e7280000)
 ParOldGen       total 58368K, used 23292K [0x0000000084600000, 0x0000000087f00000, 0x00000000d6d00000)
  object space 58368K, 39% used [0x0000000084600000,0x0000000085cbf3d8,0x0000000087f00000)
 Metaspace       used 48864K, capacity 49306K, committed 49576K, reserved 1093632K
  class space    used 6194K, capacity 6312K, committed 6320K, reserved 1048576K
Event: 14.819 GC heap after
Heap after GC invocations=11 (full 2):
 PSYoungGen      total 267776K, used 13795K [0x00000000d6d00000, 0x00000000e8000000, 0x0000000100000000)
  eden space 253952K, 0% used [0x00000000d6d00000,0x00000000d6d00000,0x00000000e6500000)
  from space 13824K, 99% used [0x00000000e6500000,0x00000000e7278e08,0x00000000e7280000)
  to   space 13824K, 0% used [0x00000000e7280000,0x00000000e7280000,0x00000000e8000000)
 ParOldGen       total 58368K, used 31139K [0x0000000084600000, 0x0000000087f00000, 0x00000000d6d00000)
  object space 58368K, 53% used [0x0000000084600000,0x0000000086468e18,0x0000000087f00000)
 Metaspace       used 48864K, capacity 49306K, committed 49576K, reserved 1093632K
  class space    used 6194K, capacity 6312K, committed 6320K, reserved 1048576K
}

