# JRE version: Java(TM) SE Runtime Environment (8.0_51-b16) (build 1.8.0_51-b16)
# Java VM: Java HotSpot(TM) 64-Bit Server VM (25.51-b03 mixed mode windows-amd64 compressed oops)
Heap:
 PSYoungGen      total 137728K, used 112087K [0x00000000d6d00000, 0x00000000e7a00000, 0x0000000100000000)
  eden space 126976K, 88% used [0x00000000d6d00000,0x00000000dda75ef8,0x00000000de900000)
  from space 10752K, 0% used [0x00000000de900000,0x00000000de900000,0x00000000df380000)
  to   space 10752K, 0% used [0x00000000e6f80000,0x00000000e6f80000,0x00000000e7a00000)
 ParOldGen       total 58880K, used 15279K [0x0000000084600000, 0x0000000087f80000, 0x00000000d6d00000)
  object space 58880K, 25% used [0x0000000084600000,0x00000000854ebe00,0x0000000087f80000)
 Metaspace       used 26240K, capacity 26490K, committed 26624K, reserved 1073152K
  class space    used 3240K, capacity 3300K, committed 3328K, reserved 1048576K
GC Heap History (10 events):
Event: 2.952 GC heap before
{Heap before GC invocations=4 (full 0):
 PSYoungGen      total 36864K, used 36862K [0x00000000d6d00000, 0x00000000db500000, 0x0000000100000000)
  eden space 31744K, 100% used [0x00000000d6d00000,0x00000000d8c00000,0x00000000d8c00000)
  from space 5120K, 99% used [0x00000000d8c00000,0x00000000d90ff9f8,0x00000000d9100000)
  to   space 5120K, 0% used [0x00000000db000000,0x00000000db000000,0x00000000db500000)
 ParOldGen       total 84992K, used 7328K [0x0000000084600000, 0x0000000089900000, 0x00000000d6d00000)
  object space 84992K, 8% used [0x0000000084600000,0x0000000084d28290,0x0000000089900000)
 Metaspace       used 19123K, capacity 19336K, committed 19584K, reserved 1067008K
  class space    used 2313K, capacity 2385K, committed 2432K, reserved 1048576K
Event: 2.979 GC heap after
Heap after GC invocations=4 (full 0):
 PSYoungGen      total 68608K, used 5100K [0x00000000d6d00000, 0x00000000db500000, 0x0000000100000000)
  eden space 63488K, 0% used [0x00000000d6d00000,0x00000000d6d00000,0x00000000dab00000)
  from space 5120K, 99% used [0x00000000db000000,0x00000000db4fb1a8,0x00000000db500000)
  to   space 5120K, 0% used [0x00000000dab00000,0x00000000dab00000,0x00000000db000000)
 ParOldGen       total 84992K, used 10796K [0x0000000084600000, 0x0000000089900000, 0x00000000d6d00000)
  object space 84992K, 12% used [0x0000000084600000,0x000000008508b310,0x0000000089900000)
 Metaspace       used 19123K, capacity 19336K, committed 19584K, reserved 1067008K
  class space    used 2313K, capacity 2385K, committed 2432K, reserved 1048576K
}
Event: 3.734 GC heap before
{Heap before GC invocations=5 (full 0):
 PSYoungGen      total 68608K, used 68588K [0x00000000d6d00000, 0x00000000db500000, 0x0000000100000000)
  eden space 63488K, 100% used [0x00000000d6d00000,0x00000000dab00000,0x00000000dab00000)
  from space 5120K, 99% used [0x00000000db000000,0x00000000db4fb1a8,0x00000000db500000)
  to   space 5120K, 0% used [0x00000000dab00000,0x00000000dab00000,0x00000000db000000)
 ParOldGen       total 84992K, used 10796K [0x0000000084600000, 0x0000000089900000, 0x00000000d6d00000)
  object space 84992K, 12% used [0x0000000084600000,0x000000008508b310,0x0000000089900000)
 Metaspace       used 19663K, capacity 19892K, committed 20096K, reserved 1067008K
  class space    used 2354K, capacity 2419K, committed 2432K, reserved 1048576K
Event: 3.749 GC heap after
Heap after GC invocations=5 (full 0):
 PSYoungGen      total 68608K, used 5116K [0x00000000d6d00000, 0x00000000dfe00000, 0x0000000100000000)
  eden space 63488K, 0% used [0x00000000d6d00000,0x00000000d6d00000,0x00000000dab00000)
  from space 5120K, 99% used [0x00000000dab00000,0x00000000dafff198,0x00000000db000000)
  to   space 10752K, 0% used [0x00000000df380000,0x00000000df380000,0x00000000dfe00000)
 ParOldGen       total 84992K, used 12951K [0x0000000084600000, 0x0000000089900000, 0x00000000d6d00000)
  object space 84992K, 15% used [0x0000000084600000,0x00000000852a5cb0,0x0000000089900000)
 Metaspace       used 19663K, capacity 19892K, committed 20096K, reserved 1067008K
  class space    used 2354K, capacity 2419K, committed 2432K, reserved 1048576K
}
Event: 4.090 GC heap before
{Heap before GC invocations=6 (full 0):
 PSYoungGen      total 68608K, used 68604K [0x00000000d6d00000, 0x00000000dfe00000, 0x0000000100000000)
  eden space 63488K, 100% used [0x00000000d6d00000,0x00000000dab00000,0x00000000dab00000)
  from space 5120K, 99% used [0x00000000dab00000,0x00000000dafff198,0x00000000db000000)
  to   space 10752K, 0% used [0x00000000df380000,0x00000000df380000,0x00000000dfe00000)
 ParOldGen       total 84992K, used 12951K [0x0000000084600000, 0x0000000089900000, 0x00000000d6d00000)
  object space 84992K, 15% used [0x0000000084600000,0x00000000852a5cb0,0x0000000089900000)
 Metaspace       used 20246K, capacity 20416K, committed 20736K, reserved 1067008K
  class space    used 2433K, capacity 2485K, committed 2560K, reserved 1048576K
Event: 4.113 GC heap after
Heap after GC invocations=6 (full 0):
 PSYoungGen      total 137728K, used 6592K [0x00000000d6d00000, 0x00000000dfe00000, 0x0000000100000000)
  eden space 126976K, 0% used [0x00000000d6d00000,0x00000000d6d00000,0x00000000de900000)
  from space 10752K, 61% used [0x00000000df380000,0x00000000df9f0098,0x00000000dfe00000)
  to   space 10752K, 0% used [0x00000000de900000,0x00000000de900000,0x00000000df380000)
 ParOldGen       total 84992K, used 12959K [0x0000000084600000, 0x0000000089900000, 0x00000000d6d00000)
  object space 84992K, 15% used [0x0000000084600000,0x00000000852a7cb0,0x0000000089900000)
 Metaspace       used 20246K, capacity 20416K, committed 20736K, reserved 1067008K
  class space    used 2433K, capacity 2485K, committed 2560K, reserved 1048576K
}
Event: 4.656 GC heap before
{Heap before GC invocations=7 (full 0):
 PSYoungGen      total 137728K, used 87507K [0x00000000d6d00000, 0x00000000dfe00000, 0x0000000100000000)
  eden space 126976K, 63% used [0x00000000d6d00000,0x00000000dbc04ce8,0x00000000de900000)
  from space 10752K, 61% used [0x00000000df380000,0x00000000df9f0098,0x00000000dfe00000)
  to   space 10752K, 0% used [0x00000000de900000,0x00000000de900000,0x00000000df380000)
 ParOldGen       total 84992K, used 12959K [0x0000000084600000, 0x0000000089900000, 0x00000000d6d00000)
  object space 84992K, 15% used [0x0000000084600000,0x00000000852a7cb0,0x0000000089900000)
 Metaspace       used 21009K, capacity 21124K, committed 21296K, reserved 1069056K
  class space    used 2554K, capacity 2587K, committed 2688K, reserved 1048576K
Event: 4.726 GC heap after
Heap after GC invocations=7 (full 0):
 PSYoungGen      total 137728K, used 8679K [0x00000000d6d00000, 0x00000000e7a00000, 0x0000000100000000)
  eden space 126976K, 0% used [0x00000000d6d00000,0x00000000d6d00000,0x00000000de900000)
  from space 10752K, 80% used [0x00000000de900000,0x00000000df179c90,0x00000000df380000)
  to   space 10752K, 0% used [0x00000000e6f80000,0x00000000e6f80000,0x00000000e7a00000)
 ParOldGen       total 84992K, used 14904K [0x0000000084600000, 0x0000000089900000, 0x00000000d6d00000)
  object space 84992K, 17% used [0x0000000084600000,0x000000008548e0c0,0x0000000089900000)
 Metaspace       used 21009K, capacity 21124K, committed 21296K, reserved 1069056K
  class space    used 2554K, capacity 2587K, committed 2688K, reserved 1048576K
}
Event: 4.726 GC heap before
{Heap before GC invocations=8 (full 1):
 PSYoungGen      total 137728K, used 8679K [0x00000000d6d00000, 0x00000000e7a00000, 0x0000000100000000)
  eden space 126976K, 0% used [0x00000000d6d00000,0x00000000d6d00000,0x00000000de900000)
  from space 10752K, 80% used [0x00000000de900000,0x00000000df179c90,0x00000000df380000)
  to   space 10752K, 0% used [0x00000000e6f80000,0x00000000e6f80000,0x00000000e7a00000)
 ParOldGen       total 84992K, used 14904K [0x0000000084600000, 0x0000000089900000, 0x00000000d6d00000)
  object space 84992K, 17% used [0x0000000084600000,0x000000008548e0c0,0x0000000089900000)
 Metaspace       used 21009K, capacity 21124K, committed 21296K, reserved 1069056K
  class space    used 2554K, capacity 2587K, committed 2688K, reserved 1048576K
Event: 4.792 GC heap after
Heap after GC invocations=8 (full 1):
 PSYoungGen      total 137728K, used 0K [0x00000000d6d00000, 0x00000000e7a00000, 0x0000000100000000)
  eden space 126976K, 0% used [0x00000000d6d00000,0x00000000d6d00000,0x00000000de900000)
  from space 10752K, 0% used [0x00000000de900000,0x00000000de900000,0x00000000df380000)
  to   space 10752K, 0% used [0x00000000e6f80000,0x00000000e6f80000,0x00000000e7a00000)
 ParOldGen       total 58880K, used 15279K [0x0000000084600000, 0x0000000087f80000, 0x00000000d6d00000)
  object space 58880K, 25% used [0x0000000084600000,0x00000000854ebe00,0x0000000087f80000)
 Metaspace       used 21009K, capacity 21124K, committed 21296K, reserved 1069056K
  class space    used 2554K, capacity 2587K, committed 2688K, reserved 1048576K
}

