# JRE version: Java(TM) SE Runtime Environment (8.0_51-b16) (build 1.8.0_51-b16)
# Java VM: Java HotSpot(TM) 64-Bit Server VM (25.51-b03 mixed mode windows-amd64 compressed oops)
Heap:
 PSYoungGen      total 173056K, used 100779K [0x00000000d6d00000, 0x00000000e3a00000, 0x0000000100000000)
  eden space 159744K, 54% used [0x00000000d6d00000,0x00000000dc29b710,0x00000000e0900000)
  from space 13312K, 98% used [0x00000000e2d00000,0x00000000e39cf8d0,0x00000000e3a00000)
  to   space 14848K, 0% used [0x00000000e1d00000,0x00000000e1d00000,0x00000000e2b80000)
 ParOldGen       total 57856K, used 23180K [0x0000000084600000, 0x0000000087e80000, 0x00000000d6d00000)
  object space 57856K, 40% used [0x0000000084600000,0x0000000085ca3230,0x0000000087e80000)
 Metaspace       used 48083K, capacity 48500K, committed 49064K, reserved 1093632K
  class space    used 6088K, capacity 6214K, committed 6320K, reserved 1048576K
GC Heap History (10 events):
Event: 9.685 GC heap before
{Heap before GC invocations=8 (full 1):
 PSYoungGen      total 132096K, used 126976K [0x00000000d6d00000, 0x00000000df300000, 0x0000000100000000)
  eden space 126976K, 100% used [0x00000000d6d00000,0x00000000de900000,0x00000000de900000)
  from space 5120K, 0% used [0x00000000dee00000,0x00000000dee00000,0x00000000df300000)
  to   space 5120K, 0% used [0x00000000de900000,0x00000000de900000,0x00000000dee00000)
 ParOldGen       total 57856K, used 12104K [0x0000000084600000, 0x0000000087e80000, 0x00000000d6d00000)
  object space 57856K, 20% used [0x0000000084600000,0x00000000851d2008,0x0000000087e80000)
 Metaspace       used 27771K, capacity 27994K, committed 28336K, reserved 1075200K
  class space    used 3403K, capacity 3460K, committed 3504K, reserved 1048576K
Event: 9.699 GC heap after
Heap after GC invocations=8 (full 1):
 PSYoungGen      total 132096K, used 5097K [0x00000000d6d00000, 0x00000000df300000, 0x0000000100000000)
  eden space 126976K, 0% used [0x00000000d6d00000,0x00000000d6d00000,0x00000000de900000)
  from space 5120K, 99% used [0x00000000de900000,0x00000000dedfa498,0x00000000dee00000)
  to   space 5120K, 0% used [0x00000000dee00000,0x00000000dee00000,0x00000000df300000)
 ParOldGen       total 57856K, used 16224K [0x0000000084600000, 0x0000000087e80000, 0x00000000d6d00000)
  object space 57856K, 28% used [0x0000000084600000,0x00000000855d8220,0x0000000087e80000)
 Metaspace       used 27771K, capacity 27994K, committed 28336K, reserved 1075200K
  class space    used 3403K, capacity 3460K, committed 3504K, reserved 1048576K
}
Event: 11.041 GC heap before
{Heap before GC invocations=9 (full 1):
 PSYoungGen      total 132096K, used 132073K [0x00000000d6d00000, 0x00000000df300000, 0x0000000100000000)
  eden space 126976K, 100% used [0x00000000d6d00000,0x00000000de900000,0x00000000de900000)
  from space 5120K, 99% used [0x00000000de900000,0x00000000dedfa498,0x00000000dee00000)
  to   space 5120K, 0% used [0x00000000dee00000,0x00000000dee00000,0x00000000df300000)
 ParOldGen       total 57856K, used 16224K [0x0000000084600000, 0x0000000087e80000, 0x00000000d6d00000)
  object space 57856K, 28% used [0x0000000084600000,0x00000000855d8220,0x0000000087e80000)
 Metaspace       used 30305K, capacity 30590K, committed 31024K, reserved 1077248K
  class space    used 3722K, capacity 3786K, committed 3888K, reserved 1048576K
Event: 11.069 GC heap after
Heap after GC invocations=9 (full 1):
 PSYoungGen      total 132096K, used 5102K [0x00000000d6d00000, 0x00000000df300000, 0x0000000100000000)
  eden space 126976K, 0% used [0x00000000d6d00000,0x00000000d6d00000,0x00000000de900000)
  from space 5120K, 99% used [0x00000000dee00000,0x00000000df2fb920,0x00000000df300000)
  to   space 5120K, 0% used [0x00000000de900000,0x00000000de900000,0x00000000dee00000)
 ParOldGen       total 57856K, used 23114K [0x0000000084600000, 0x0000000087e80000, 0x00000000d6d00000)
  object space 57856K, 39% used [0x0000000084600000,0x0000000085c92828,0x0000000087e80000)
 Metaspace       used 30305K, capacity 30590K, committed 31024K, reserved 1077248K
  class space    used 3722K, capacity 3786K, committed 3888K, reserved 1048576K
}
Event: 11.820 GC heap before
{Heap before GC invocations=10 (full 1):
 PSYoungGen      total 132096K, used 56036K [0x00000000d6d00000, 0x00000000df300000, 0x0000000100000000)
  eden space 126976K, 40% used [0x00000000d6d00000,0x00000000d9ebd850,0x00000000de900000)
  from space 5120K, 99% used [0x00000000dee00000,0x00000000df2fb920,0x00000000df300000)
  to   space 5120K, 0% used [0x00000000de900000,0x00000000de900000,0x00000000dee00000)
 ParOldGen       total 57856K, used 23114K [0x0000000084600000, 0x0000000087e80000, 0x00000000d6d00000)
  object space 57856K, 39% used [0x0000000084600000,0x0000000085c92828,0x0000000087e80000)
 Metaspace       used 34927K, capacity 35166K, committed 35496K, reserved 1081344K
  class space    used 4445K, capacity 4520K, committed 4528K, reserved 1048576K
Event: 11.849 GC heap after
Heap after GC invocations=10 (full 1):
 PSYoungGen      total 132096K, used 5102K [0x00000000d6d00000, 0x00000000e3a80000, 0x0000000100000000)
  eden space 126976K, 0% used [0x00000000d6d00000,0x00000000d6d00000,0x00000000de900000)
  from space 5120K, 99% used [0x00000000de900000,0x00000000dedfb940,0x00000000dee00000)
  to   space 13824K, 0% used [0x00000000e2d00000,0x00000000e2d00000,0x00000000e3a80000)
 ParOldGen       total 57856K, used 27929K [0x0000000084600000, 0x0000000087e80000, 0x00000000d6d00000)
  object space 57856K, 48% used [0x0000000084600000,0x00000000861466b0,0x0000000087e80000)
 Metaspace       used 34927K, capacity 35166K, committed 35496K, reserved 1081344K
  class space    used 4445K, capacity 4520K, committed 4528K, reserved 1048576K
}
Event: 11.849 GC heap before
{Heap before GC invocations=11 (full 2):
 PSYoungGen      total 132096K, used 5102K [0x00000000d6d00000, 0x00000000e3a80000, 0x0000000100000000)
  eden space 126976K, 0% used [0x00000000d6d00000,0x00000000d6d00000,0x00000000de900000)
  from space 5120K, 99% used [0x00000000de900000,0x00000000dedfb940,0x00000000dee00000)
  to   space 13824K, 0% used [0x00000000e2d00000,0x00000000e2d00000,0x00000000e3a80000)
 ParOldGen       total 57856K, used 27929K [0x0000000084600000, 0x0000000087e80000, 0x00000000d6d00000)
  object space 57856K, 48% used [0x0000000084600000,0x00000000861466b0,0x0000000087e80000)
 Metaspace       used 34927K, capacity 35166K, committed 35496K, reserved 1081344K
  class space    used 4445K, capacity 4520K, committed 4528K, reserved 1048576K
Event: 12.304 GC heap after
Heap after GC invocations=11 (full 2):
 PSYoungGen      total 132096K, used 0K [0x00000000d6d00000, 0x00000000e3a80000, 0x0000000100000000)
  eden space 126976K, 0% used [0x00000000d6d00000,0x00000000d6d00000,0x00000000de900000)
  from space 5120K, 0% used [0x00000000de900000,0x00000000de900000,0x00000000dee00000)
  to   space 13824K, 0% used [0x00000000e2d00000,0x00000000e2d00000,0x00000000e3a80000)
 ParOldGen       total 57856K, used 23172K [0x0000000084600000, 0x0000000087e80000, 0x00000000d6d00000)
  object space 57856K, 40% used [0x0000000084600000,0x0000000085ca1230,0x0000000087e80000)
 Metaspace       used 34927K, capacity 35166K, committed 35496K, reserved 1081344K
  class space    used 4445K, capacity 4520K, committed 4528K, reserved 1048576K
}
Event: 14.273 GC heap before
{Heap before GC invocations=12 (full 2):
 PSYoungGen      total 132096K, used 126976K [0x00000000d6d00000, 0x00000000e3a80000, 0x0000000100000000)
  eden space 126976K, 100% used [0x00000000d6d00000,0x00000000de900000,0x00000000de900000)
  from space 5120K, 0% used [0x00000000de900000,0x00000000de900000,0x00000000dee00000)
  to   space 13824K, 0% used [0x00000000e2d00000,0x00000000e2d00000,0x00000000e3a80000)
 ParOldGen       total 57856K, used 23172K [0x0000000084600000, 0x0000000087e80000, 0x00000000d6d00000)
  object space 57856K, 40% used [0x0000000084600000,0x0000000085ca1230,0x0000000087e80000)
 Metaspace       used 44581K, capacity 44866K, committed 45224K, reserved 1089536K
  class space    used 5712K, capacity 5806K, committed 5808K, reserved 1048576K
Event: 14.293 GC heap after
Heap after GC invocations=12 (full 2):
 PSYoungGen      total 173056K, used 13118K [0x00000000d6d00000, 0x00000000e3a00000, 0x0000000100000000)
  eden space 159744K, 0% used [0x00000000d6d00000,0x00000000d6d00000,0x00000000e0900000)
  from space 13312K, 98% used [0x00000000e2d00000,0x00000000e39cf8d0,0x00000000e3a00000)
  to   space 14848K, 0% used [0x00000000e1d00000,0x00000000e1d00000,0x00000000e2b80000)
 ParOldGen       total 57856K, used 23180K [0x0000000084600000, 0x0000000087e80000, 0x00000000d6d00000)
  object space 57856K, 40% used [0x0000000084600000,0x0000000085ca3230,0x0000000087e80000)
 Metaspace       used 44581K, capacity 44866K, committed 45224K, reserved 1089536K
  class space    used 5712K, capacity 5806K, committed 5808K, reserved 1048576K
}

