# JRE version: Java(TM) SE Runtime Environment (8.0_51-b16) (build 1.8.0_51-b16)
# Java VM: Java HotSpot(TM) 64-Bit Server VM (25.51-b03 mixed mode windows-amd64 compressed oops)
Heap:
 PSYoungGen      total 183808K, used 92065K [0x00000000d6d00000, 0x00000000e2f00000, 0x0000000100000000)
  eden space 173056K, 53% used [0x00000000d6d00000,0x00000000dc6e8428,0x00000000e1600000)
  from space 10752K, 0% used [0x00000000e2480000,0x00000000e2480000,0x00000000e2f00000)
  to   space 12800K, 0% used [0x00000000e1600000,0x00000000e1600000,0x00000000e2280000)
 ParOldGen       total 88064K, used 23556K [0x0000000084600000, 0x0000000089c00000, 0x00000000d6d00000)
  object space 88064K, 26% used [0x0000000084600000,0x0000000085d01028,0x0000000089c00000)
 Metaspace       used 43428K, capacity 43714K, committed 44072K, reserved 1087488K
  class space    used 5531K, capacity 5614K, committed 5680K, reserved 1048576K
GC Heap History (10 events):
Event: 5.970 GC heap before
{Heap before GC invocations=8 (full 1):
 PSYoungGen      total 137728K, used 8487K [0x00000000d6d00000, 0x00000000dfe00000, 0x0000000100000000)
  eden space 126976K, 0% used [0x00000000d6d00000,0x00000000d6d00000,0x00000000de900000)
  from space 10752K, 78% used [0x00000000de900000,0x00000000df149c90,0x00000000df380000)
  to   space 10752K, 0% used [0x00000000df380000,0x00000000df380000,0x00000000dfe00000)
 ParOldGen       total 84992K, used 15153K [0x0000000084600000, 0x0000000089900000, 0x00000000d6d00000)
  object space 84992K, 17% used [0x0000000084600000,0x00000000854cc7a8,0x0000000089900000)
 Metaspace       used 21020K, capacity 21188K, committed 21296K, reserved 1069056K
  class space    used 2551K, capacity 2587K, committed 2608K, reserved 1048576K
Event: 6.057 GC heap after
Heap after GC invocations=8 (full 1):
 PSYoungGen      total 137728K, used 0K [0x00000000d6d00000, 0x00000000dfe00000, 0x0000000100000000)
  eden space 126976K, 0% used [0x00000000d6d00000,0x00000000d6d00000,0x00000000de900000)
  from space 10752K, 0% used [0x00000000de900000,0x00000000de900000,0x00000000df380000)
  to   space 10752K, 0% used [0x00000000df380000,0x00000000df380000,0x00000000dfe00000)
 ParOldGen       total 61952K, used 15288K [0x0000000084600000, 0x0000000088280000, 0x00000000d6d00000)
  object space 61952K, 24% used [0x0000000084600000,0x00000000854ee338,0x0000000088280000)
 Metaspace       used 21020K, capacity 21188K, committed 21296K, reserved 1069056K
  class space    used 2551K, capacity 2587K, committed 2608K, reserved 1048576K
}
Event: 8.916 GC heap before
{Heap before GC invocations=9 (full 1):
 PSYoungGen      total 137728K, used 126976K [0x00000000d6d00000, 0x00000000dfe00000, 0x0000000100000000)
  eden space 126976K, 100% used [0x00000000d6d00000,0x00000000de900000,0x00000000de900000)
  from space 10752K, 0% used [0x00000000de900000,0x00000000de900000,0x00000000df380000)
  to   space 10752K, 0% used [0x00000000df380000,0x00000000df380000,0x00000000dfe00000)
 ParOldGen       total 61952K, used 15288K [0x0000000084600000, 0x0000000088280000, 0x00000000d6d00000)
  object space 61952K, 24% used [0x0000000084600000,0x00000000854ee338,0x0000000088280000)
 Metaspace       used 27871K, capacity 28122K, committed 28336K, reserved 1075200K
  class space    used 3416K, capacity 3460K, committed 3504K, reserved 1048576K
Event: 8.944 GC heap after
Heap after GC invocations=9 (full 1):
 PSYoungGen      total 137728K, used 9362K [0x00000000d6d00000, 0x00000000dfe00000, 0x0000000100000000)
  eden space 126976K, 0% used [0x00000000d6d00000,0x00000000d6d00000,0x00000000de900000)
  from space 10752K, 87% used [0x00000000df380000,0x00000000dfca49a8,0x00000000dfe00000)
  to   space 10752K, 0% used [0x00000000de900000,0x00000000de900000,0x00000000df380000)
 ParOldGen       total 61952K, used 15288K [0x0000000084600000, 0x0000000088280000, 0x00000000d6d00000)
  object space 61952K, 24% used [0x0000000084600000,0x00000000854ee338,0x0000000088280000)
 Metaspace       used 27871K, capacity 28122K, committed 28336K, reserved 1075200K
  class space    used 3416K, capacity 3460K, committed 3504K, reserved 1048576K
}
Event: 10.872 GC heap before
{Heap before GC invocations=10 (full 1):
 PSYoungGen      total 137728K, used 136338K [0x00000000d6d00000, 0x00000000dfe00000, 0x0000000100000000)
  eden space 126976K, 100% used [0x00000000d6d00000,0x00000000de900000,0x00000000de900000)
  from space 10752K, 87% used [0x00000000df380000,0x00000000dfca49a8,0x00000000dfe00000)
  to   space 10752K, 0% used [0x00000000de900000,0x00000000de900000,0x00000000df380000)
 ParOldGen       total 61952K, used 15288K [0x0000000084600000, 0x0000000088280000, 0x00000000d6d00000)
  object space 61952K, 24% used [0x0000000084600000,0x00000000854ee338,0x0000000088280000)
 Metaspace       used 30288K, capacity 30526K, committed 30768K, reserved 1077248K
  class space    used 3721K, capacity 3786K, committed 3888K, reserved 1048576K
Event: 10.898 GC heap after
Heap after GC invocations=10 (full 1):
 PSYoungGen      total 137728K, used 10741K [0x00000000d6d00000, 0x00000000e3080000, 0x0000000100000000)
  eden space 126976K, 0% used [0x00000000d6d00000,0x00000000d6d00000,0x00000000de900000)
  from space 10752K, 99% used [0x00000000de900000,0x00000000df37d608,0x00000000df380000)
  to   space 12288K, 0% used [0x00000000e2480000,0x00000000e2480000,0x00000000e3080000)
 ParOldGen       total 61952K, used 16496K [0x0000000084600000, 0x0000000088280000, 0x00000000d6d00000)
  object space 61952K, 26% used [0x0000000084600000,0x000000008561c2f0,0x0000000088280000)
 Metaspace       used 30288K, capacity 30526K, committed 30768K, reserved 1077248K
  class space    used 3721K, capacity 3786K, committed 3888K, reserved 1048576K
}
Event: 11.958 GC heap before
{Heap before GC invocations=11 (full 1):
 PSYoungGen      total 137728K, used 62206K [0x00000000d6d00000, 0x00000000e3080000, 0x0000000100000000)
  eden space 126976K, 40% used [0x00000000d6d00000,0x00000000d9f42208,0x00000000de900000)
  from space 10752K, 99% used [0x00000000de900000,0x00000000df37d608,0x00000000df380000)
  to   space 12288K, 0% used [0x00000000e2480000,0x00000000e2480000,0x00000000e3080000)
 ParOldGen       total 61952K, used 16496K [0x0000000084600000, 0x0000000088280000, 0x00000000d6d00000)
  object space 61952K, 26% used [0x0000000084600000,0x000000008561c2f0,0x0000000088280000)
 Metaspace       used 35018K, capacity 35230K, committed 35496K, reserved 1081344K
  class space    used 4446K, capacity 4520K, committed 4528K, reserved 1048576K
Event: 11.972 GC heap after
Heap after GC invocations=11 (full 1):
 PSYoungGen      total 183808K, used 9697K [0x00000000d6d00000, 0x00000000e2f00000, 0x0000000100000000)
  eden space 173056K, 0% used [0x00000000d6d00000,0x00000000d6d00000,0x00000000e1600000)
  from space 10752K, 90% used [0x00000000e2480000,0x00000000e2df8568,0x00000000e2f00000)
  to   space 12800K, 0% used [0x00000000e1600000,0x00000000e1600000,0x00000000e2280000)
 ParOldGen       total 61952K, used 20639K [0x0000000084600000, 0x0000000088280000, 0x00000000d6d00000)
  object space 61952K, 33% used [0x0000000084600000,0x0000000085a27fc0,0x0000000088280000)
 Metaspace       used 35018K, capacity 35230K, committed 35496K, reserved 1081344K
  class space    used 4446K, capacity 4520K, committed 4528K, reserved 1048576K
}
Event: 11.972 GC heap before
{Heap before GC invocations=12 (full 2):
 PSYoungGen      total 183808K, used 9697K [0x00000000d6d00000, 0x00000000e2f00000, 0x0000000100000000)
  eden space 173056K, 0% used [0x00000000d6d00000,0x00000000d6d00000,0x00000000e1600000)
  from space 10752K, 90% used [0x00000000e2480000,0x00000000e2df8568,0x00000000e2f00000)
  to   space 12800K, 0% used [0x00000000e1600000,0x00000000e1600000,0x00000000e2280000)
 ParOldGen       total 61952K, used 20639K [0x0000000084600000, 0x0000000088280000, 0x00000000d6d00000)
  object space 61952K, 33% used [0x0000000084600000,0x0000000085a27fc0,0x0000000088280000)
 Metaspace       used 35018K, capacity 35230K, committed 35496K, reserved 1081344K
  class space    used 4446K, capacity 4520K, committed 4528K, reserved 1048576K
Event: 12.069 GC heap after
Heap after GC invocations=12 (full 2):
 PSYoungGen      total 183808K, used 0K [0x00000000d6d00000, 0x00000000e2f00000, 0x0000000100000000)
  eden space 173056K, 0% used [0x00000000d6d00000,0x00000000d6d00000,0x00000000e1600000)
  from space 10752K, 0% used [0x00000000e2480000,0x00000000e2480000,0x00000000e2f00000)
  to   space 12800K, 0% used [0x00000000e1600000,0x00000000e1600000,0x00000000e2280000)
 ParOldGen       total 88064K, used 23556K [0x0000000084600000, 0x0000000089c00000, 0x00000000d6d00000)
  object space 88064K, 26% used [0x0000000084600000,0x0000000085d01028,0x0000000089c00000)
 Metaspace       used 35018K, capacity 35230K, committed 35496K, reserved 1081344K
  class space    used 4446K, capacity 4520K, committed 4528K, reserved 1048576K
}

