# JRE version: Java(TM) SE Runtime Environment (8.0_51-b16) (build 1.8.0_51-b16)
# Java VM: Java HotSpot(TM) 64-Bit Server VM (25.51-b03 mixed mode windows-amd64 compressed oops)
Heap:
 PSYoungGen      total 244224K, used 207540K [0x00000000d6d00000, 0x00000000e6980000, 0x0000000100000000)
  eden space 229888K, 90% used [0x00000000d6d00000,0x00000000e37ad380,0x00000000e4d80000)
  from space 14336K, 0% used [0x00000000e4d80000,0x00000000e4d80000,0x00000000e5b80000)
  to   space 11264K, 0% used [0x00000000e5e80000,0x00000000e5e80000,0x00000000e6980000)
 ParOldGen       total 79360K, used 23296K [0x0000000084600000, 0x0000000089380000, 0x00000000d6d00000)
  object space 79360K, 29% used [0x0000000084600000,0x0000000085cc02b0,0x0000000089380000)
 Metaspace       used 47497K, capacity 47888K, committed 48128K, reserved 1093632K
  class space    used 6011K, capacity 6135K, committed 6144K, reserved 1048576K
GC Heap History (10 events):
Event: 4.793 GC heap before
{Heap before GC invocations=7 (full 1):
 PSYoungGen      total 132096K, used 5118K [0x00000000d6d00000, 0x00000000df300000, 0x0000000100000000)
  eden space 126976K, 0% used [0x00000000d6d00000,0x00000000d6d00000,0x00000000de900000)
  from space 5120K, 99% used [0x00000000dee00000,0x00000000df2ff950,0x00000000df300000)
  to   space 5120K, 0% used [0x00000000de900000,0x00000000de900000,0x00000000dee00000)
 ParOldGen       total 84992K, used 19102K [0x0000000084600000, 0x0000000089900000, 0x00000000d6d00000)
  object space 84992K, 22% used [0x0000000084600000,0x00000000858a7988,0x0000000089900000)
 Metaspace       used 21011K, capacity 21156K, committed 21296K, reserved 1069056K
  class space    used 2566K, capacity 2619K, committed 2688K, reserved 1048576K
Event: 4.857 GC heap after
Heap after GC invocations=7 (full 1):
 PSYoungGen      total 132096K, used 0K [0x00000000d6d00000, 0x00000000df300000, 0x0000000100000000)
  eden space 126976K, 0% used [0x00000000d6d00000,0x00000000d6d00000,0x00000000de900000)
  from space 5120K, 0% used [0x00000000dee00000,0x00000000dee00000,0x00000000df300000)
  to   space 5120K, 0% used [0x00000000de900000,0x00000000de900000,0x00000000dee00000)
 ParOldGen       total 57856K, used 12132K [0x0000000084600000, 0x0000000087e80000, 0x00000000d6d00000)
  object space 57856K, 20% used [0x0000000084600000,0x00000000851d9330,0x0000000087e80000)
 Metaspace       used 21011K, capacity 21156K, committed 21296K, reserved 1069056K
  class space    used 2566K, capacity 2619K, committed 2688K, reserved 1048576K
}
Event: 6.658 GC heap before
{Heap before GC invocations=8 (full 1):
 PSYoungGen      total 132096K, used 126976K [0x00000000d6d00000, 0x00000000df300000, 0x0000000100000000)
  eden space 126976K, 100% used [0x00000000d6d00000,0x00000000de900000,0x00000000de900000)
  from space 5120K, 0% used [0x00000000dee00000,0x00000000dee00000,0x00000000df300000)
  to   space 5120K, 0% used [0x00000000de900000,0x00000000de900000,0x00000000dee00000)
 ParOldGen       total 57856K, used 12132K [0x0000000084600000, 0x0000000087e80000, 0x00000000d6d00000)
  object space 57856K, 20% used [0x0000000084600000,0x00000000851d9330,0x0000000087e80000)
 Metaspace       used 27828K, capacity 27994K, committed 28416K, reserved 1075200K
  class space    used 3425K, capacity 3460K, committed 3584K, reserved 1048576K
Event: 6.742 GC heap after
Heap after GC invocations=8 (full 1):
 PSYoungGen      total 132096K, used 5103K [0x00000000d6d00000, 0x00000000e6c00000, 0x0000000100000000)
  eden space 126976K, 0% used [0x00000000d6d00000,0x00000000d6d00000,0x00000000de900000)
  from space 5120K, 99% used [0x00000000de900000,0x00000000dedfbc70,0x00000000dee00000)
  to   space 13824K, 0% used [0x00000000e5e80000,0x00000000e5e80000,0x00000000e6c00000)
 ParOldGen       total 57856K, used 16371K [0x0000000084600000, 0x0000000087e80000, 0x00000000d6d00000)
  object space 57856K, 28% used [0x0000000084600000,0x00000000855fcf48,0x0000000087e80000)
 Metaspace       used 27828K, capacity 27994K, committed 28416K, reserved 1075200K
  class space    used 3425K, capacity 3460K, committed 3584K, reserved 1048576K
}
Event: 7.954 GC heap before
{Heap before GC invocations=9 (full 1):
 PSYoungGen      total 132096K, used 132079K [0x00000000d6d00000, 0x00000000e6c00000, 0x0000000100000000)
  eden space 126976K, 100% used [0x00000000d6d00000,0x00000000de900000,0x00000000de900000)
  from space 5120K, 99% used [0x00000000de900000,0x00000000dedfbc70,0x00000000dee00000)
  to   space 13824K, 0% used [0x00000000e5e80000,0x00000000e5e80000,0x00000000e6c00000)
 ParOldGen       total 57856K, used 16371K [0x0000000084600000, 0x0000000087e80000, 0x00000000d6d00000)
  object space 57856K, 28% used [0x0000000084600000,0x00000000855fcf48,0x0000000087e80000)
 Metaspace       used 30331K, capacity 30590K, committed 30976K, reserved 1077248K
  class space    used 3726K, capacity 3786K, committed 3840K, reserved 1048576K
Event: 7.982 GC heap after
Heap after GC invocations=9 (full 1):
 PSYoungGen      total 241152K, used 10670K [0x00000000d6d00000, 0x00000000e6980000, 0x0000000100000000)
  eden space 229888K, 0% used [0x00000000d6d00000,0x00000000d6d00000,0x00000000e4d80000)
  from space 11264K, 94% used [0x00000000e5e80000,0x00000000e68ebaa0,0x00000000e6980000)
  to   space 14336K, 0% used [0x00000000e4d80000,0x00000000e4d80000,0x00000000e5b80000)
 ParOldGen       total 57856K, used 16379K [0x0000000084600000, 0x0000000087e80000, 0x00000000d6d00000)
  object space 57856K, 28% used [0x0000000084600000,0x00000000855fef48,0x0000000087e80000)
 Metaspace       used 30331K, capacity 30590K, committed 30976K, reserved 1077248K
  class space    used 3726K, capacity 3786K, committed 3840K, reserved 1048576K
}
Event: 8.637 GC heap before
{Heap before GC invocations=10 (full 1):
 PSYoungGen      total 241152K, used 60559K [0x00000000d6d00000, 0x00000000e6980000, 0x0000000100000000)
  eden space 229888K, 21% used [0x00000000d6d00000,0x00000000d9db83c0,0x00000000e4d80000)
  from space 11264K, 94% used [0x00000000e5e80000,0x00000000e68ebaa0,0x00000000e6980000)
  to   space 14336K, 0% used [0x00000000e4d80000,0x00000000e4d80000,0x00000000e5b80000)
 ParOldGen       total 57856K, used 16379K [0x0000000084600000, 0x0000000087e80000, 0x00000000d6d00000)
  object space 57856K, 28% used [0x0000000084600000,0x00000000855fef48,0x0000000087e80000)
 Metaspace       used 34923K, capacity 35198K, committed 35496K, reserved 1081344K
  class space    used 4447K, capacity 4552K, committed 4608K, reserved 1048576K
Event: 8.651 GC heap after
Heap after GC invocations=10 (full 1):
 PSYoungGen      total 244224K, used 13698K [0x00000000d6d00000, 0x00000000e6980000, 0x0000000100000000)
  eden space 229888K, 0% used [0x00000000d6d00000,0x00000000d6d00000,0x00000000e4d80000)
  from space 14336K, 95% used [0x00000000e4d80000,0x00000000e5ae08c8,0x00000000e5b80000)
  to   space 11264K, 0% used [0x00000000e5e80000,0x00000000e5e80000,0x00000000e6980000)
 ParOldGen       total 57856K, used 16387K [0x0000000084600000, 0x0000000087e80000, 0x00000000d6d00000)
  object space 57856K, 28% used [0x0000000084600000,0x0000000085600f48,0x0000000087e80000)
 Metaspace       used 34923K, capacity 35198K, committed 35496K, reserved 1081344K
  class space    used 4447K, capacity 4552K, committed 4608K, reserved 1048576K
}
Event: 8.651 GC heap before
{Heap before GC invocations=11 (full 2):
 PSYoungGen      total 244224K, used 13698K [0x00000000d6d00000, 0x00000000e6980000, 0x0000000100000000)
  eden space 229888K, 0% used [0x00000000d6d00000,0x00000000d6d00000,0x00000000e4d80000)
  from space 14336K, 95% used [0x00000000e4d80000,0x00000000e5ae08c8,0x00000000e5b80000)
  to   space 11264K, 0% used [0x00000000e5e80000,0x00000000e5e80000,0x00000000e6980000)
 ParOldGen       total 57856K, used 16387K [0x0000000084600000, 0x0000000087e80000, 0x00000000d6d00000)
  object space 57856K, 28% used [0x0000000084600000,0x0000000085600f48,0x0000000087e80000)
 Metaspace       used 34923K, capacity 35198K, committed 35496K, reserved 1081344K
  class space    used 4447K, capacity 4552K, committed 4608K, reserved 1048576K
Event: 8.745 GC heap after
Heap after GC invocations=11 (full 2):
 PSYoungGen      total 244224K, used 0K [0x00000000d6d00000, 0x00000000e6980000, 0x0000000100000000)
  eden space 229888K, 0% used [0x00000000d6d00000,0x00000000d6d00000,0x00000000e4d80000)
  from space 14336K, 0% used [0x00000000e4d80000,0x00000000e4d80000,0x00000000e5b80000)
  to   space 11264K, 0% used [0x00000000e5e80000,0x00000000e5e80000,0x00000000e6980000)
 ParOldGen       total 79360K, used 23296K [0x0000000084600000, 0x0000000089380000, 0x00000000d6d00000)
  object space 79360K, 29% used [0x0000000084600000,0x0000000085cc02b0,0x0000000089380000)
 Metaspace       used 34923K, capacity 35198K, committed 35496K, reserved 1081344K
  class space    used 4447K, capacity 4552K, committed 4608K, reserved 1048576K
}

