# JRE version: Java(TM) SE Runtime Environment (8.0_40-b26) (build 1.8.0_40-b26)
# Java VM: Java HotSpot(TM) 64-Bit Server VM (25.40-b25 mixed mode windows-amd64 compressed oops)
Heap:
 PSYoungGen      total 163840K, used 6976K [0x00000000eab00000, 0x00000000f6900000, 0x0000000100000000)
  eden space 156672K, 0% used [0x00000000eab00000,0x00000000eab00000,0x00000000f4400000)
  from space 7168K, 97% used [0x00000000f6200000,0x00000000f68d0010,0x00000000f6900000)
  to   space 12800K, 0% used [0x00000000f5000000,0x00000000f5000000,0x00000000f5c80000)
 ParOldGen       total 56320K, used 16550K [0x00000000c0000000, 0x00000000c3700000, 0x00000000eab00000)
  object space 56320K, 29% used [0x00000000c0000000,0x00000000c1029a88,0x00000000c3700000)
 Metaspace       used 29160K, capacity 30024K, committed 30080K, reserved 1079296K
  class space    used 3884K, capacity 4200K, committed 4224K, reserved 1048576K
GC Heap History (10 events):
Event: 6.092 GC heap before
{Heap before GC invocations=7 (full 2):
 PSYoungGen      total 68608K, used 5116K [0x00000000eab00000, 0x00000000f2380000, 0x0000000100000000)
  eden space 63488K, 0% used [0x00000000eab00000,0x00000000eab00000,0x00000000ee900000)
  from space 5120K, 99% used [0x00000000ee900000,0x00000000eedff2d0,0x00000000eee00000)
  to   space 5120K, 0% used [0x00000000f1e80000,0x00000000f1e80000,0x00000000f2380000)
 ParOldGen       total 56320K, used 14914K [0x00000000c0000000, 0x00000000c3700000, 0x00000000eab00000)
  object space 56320K, 26% used [0x00000000c0000000,0x00000000c0e90a40,0x00000000c3700000)
 Metaspace       used 26978K, capacity 27486K, committed 27648K, reserved 1073152K
  class space    used 3622K, capacity 3766K, committed 3840K, reserved 1048576K
Event: 6.159 GC heap after
Heap after GC invocations=7 (full 2):
 PSYoungGen      total 68608K, used 0K [0x00000000eab00000, 0x00000000f2380000, 0x0000000100000000)
  eden space 63488K, 0% used [0x00000000eab00000,0x00000000eab00000,0x00000000ee900000)
  from space 5120K, 0% used [0x00000000ee900000,0x00000000ee900000,0x00000000eee00000)
  to   space 5120K, 0% used [0x00000000f1e80000,0x00000000f1e80000,0x00000000f2380000)
 ParOldGen       total 56320K, used 15258K [0x00000000c0000000, 0x00000000c3700000, 0x00000000eab00000)
  object space 56320K, 27% used [0x00000000c0000000,0x00000000c0ee6920,0x00000000c3700000)
 Metaspace       used 26978K, capacity 27486K, committed 27648K, reserved 1073152K
  class space    used 3622K, capacity 3766K, committed 3840K, reserved 1048576K
}
Event: 9.425 GC heap before
{Heap before GC invocations=8 (full 2):
 PSYoungGen      total 68608K, used 63488K [0x00000000eab00000, 0x00000000f2380000, 0x0000000100000000)
  eden space 63488K, 100% used [0x00000000eab00000,0x00000000ee900000,0x00000000ee900000)
  from space 5120K, 0% used [0x00000000ee900000,0x00000000ee900000,0x00000000eee00000)
  to   space 5120K, 0% used [0x00000000f1e80000,0x00000000f1e80000,0x00000000f2380000)
 ParOldGen       total 56320K, used 15258K [0x00000000c0000000, 0x00000000c3700000, 0x00000000eab00000)
  object space 56320K, 27% used [0x00000000c0000000,0x00000000c0ee6920,0x00000000c3700000)
 Metaspace       used 27437K, capacity 28078K, committed 28288K, reserved 1073152K
  class space    used 3670K, capacity 3858K, committed 3968K, reserved 1048576K
Event: 9.428 GC heap after
Heap after GC invocations=8 (full 2):
 PSYoungGen      total 111104K, used 1008K [0x00000000eab00000, 0x00000000f2e80000, 0x0000000100000000)
  eden space 105984K, 0% used [0x00000000eab00000,0x00000000eab00000,0x00000000f1280000)
  from space 5120K, 19% used [0x00000000f1e80000,0x00000000f1f7c010,0x00000000f2380000)
  to   space 12288K, 0% used [0x00000000f1280000,0x00000000f1280000,0x00000000f1e80000)
 ParOldGen       total 56320K, used 15266K [0x00000000c0000000, 0x00000000c3700000, 0x00000000eab00000)
  object space 56320K, 27% used [0x00000000c0000000,0x00000000c0ee8920,0x00000000c3700000)
 Metaspace       used 27437K, capacity 28078K, committed 28288K, reserved 1073152K
  class space    used 3670K, capacity 3858K, committed 3968K, reserved 1048576K
}
Event: 9.720 GC heap before
{Heap before GC invocations=9 (full 2):
 PSYoungGen      total 111104K, used 106992K [0x00000000eab00000, 0x00000000f2e80000, 0x0000000100000000)
  eden space 105984K, 100% used [0x00000000eab00000,0x00000000f1280000,0x00000000f1280000)
  from space 5120K, 19% used [0x00000000f1e80000,0x00000000f1f7c010,0x00000000f2380000)
  to   space 12288K, 0% used [0x00000000f1280000,0x00000000f1280000,0x00000000f1e80000)
 ParOldGen       total 56320K, used 15266K [0x00000000c0000000, 0x00000000c3700000, 0x00000000eab00000)
  object space 56320K, 27% used [0x00000000c0000000,0x00000000c0ee8920,0x00000000c3700000)
 Metaspace       used 27463K, capacity 28078K, committed 28288K, reserved 1073152K
  class space    used 3672K, capacity 3858K, committed 3968K, reserved 1048576K
Event: 9.725 GC heap after
Heap after GC invocations=9 (full 2):
 PSYoungGen      total 118272K, used 1504K [0x00000000eab00000, 0x00000000f2e80000, 0x0000000100000000)
  eden space 105984K, 0% used [0x00000000eab00000,0x00000000eab00000,0x00000000f1280000)
  from space 12288K, 12% used [0x00000000f1280000,0x00000000f13f8030,0x00000000f1e80000)
  to   space 5120K, 0% used [0x00000000f1e80000,0x00000000f1e80000,0x00000000f2380000)
 ParOldGen       total 56320K, used 15266K [0x00000000c0000000, 0x00000000c3700000, 0x00000000eab00000)
  object space 56320K, 27% used [0x00000000c0000000,0x00000000c0ee8920,0x00000000c3700000)
 Metaspace       used 27463K, capacity 28078K, committed 28288K, reserved 1073152K
  class space    used 3672K, capacity 3858K, committed 3968K, reserved 1048576K
}
Event: 10.210 GC heap before
{Heap before GC invocations=10 (full 2):
 PSYoungGen      total 118272K, used 107488K [0x00000000eab00000, 0x00000000f2e80000, 0x0000000100000000)
  eden space 105984K, 100% used [0x00000000eab00000,0x00000000f1280000,0x00000000f1280000)
  from space 12288K, 12% used [0x00000000f1280000,0x00000000f13f8030,0x00000000f1e80000)
  to   space 5120K, 0% used [0x00000000f1e80000,0x00000000f1e80000,0x00000000f2380000)
 ParOldGen       total 56320K, used 15266K [0x00000000c0000000, 0x00000000c3700000, 0x00000000eab00000)
  object space 56320K, 27% used [0x00000000c0000000,0x00000000c0ee8920,0x00000000c3700000)
 Metaspace       used 27468K, capacity 28078K, committed 28288K, reserved 1073152K
  class space    used 3672K, capacity 3858K, committed 3968K, reserved 1048576K
Event: 10.232 GC heap after
Heap after GC invocations=10 (full 2):
 PSYoungGen      total 111104K, used 2064K [0x00000000eab00000, 0x00000000f2e80000, 0x0000000100000000)
  eden space 105984K, 0% used [0x00000000eab00000,0x00000000eab00000,0x00000000f1280000)
  from space 5120K, 40% used [0x00000000f1e80000,0x00000000f2084040,0x00000000f2380000)
  to   space 12288K, 0% used [0x00000000f1280000,0x00000000f1280000,0x00000000f1e80000)
 ParOldGen       total 56320K, used 15266K [0x00000000c0000000, 0x00000000c3700000, 0x00000000eab00000)
  object space 56320K, 27% used [0x00000000c0000000,0x00000000c0ee8920,0x00000000c3700000)
 Metaspace       used 27468K, capacity 28078K, committed 28288K, reserved 1073152K
  class space    used 3672K, capacity 3858K, committed 3968K, reserved 1048576K
}
Event: 11.360 GC heap before
{Heap before GC invocations=11 (full 2):
 PSYoungGen      total 111104K, used 108048K [0x00000000eab00000, 0x00000000f2e80000, 0x0000000100000000)
  eden space 105984K, 100% used [0x00000000eab00000,0x00000000f1280000,0x00000000f1280000)
  from space 5120K, 40% used [0x00000000f1e80000,0x00000000f2084040,0x00000000f2380000)
  to   space 12288K, 0% used [0x00000000f1280000,0x00000000f1280000,0x00000000f1e80000)
 ParOldGen       total 56320K, used 15266K [0x00000000c0000000, 0x00000000c3700000, 0x00000000eab00000)
  object space 56320K, 27% used [0x00000000c0000000,0x00000000c0ee8920,0x00000000c3700000)
 Metaspace       used 29078K, capacity 29982K, committed 30080K, reserved 1075200K
  class space    used 3870K, capacity 4166K, committed 4224K, reserved 1048576K
Event: 11.388 GC heap after
Heap after GC invocations=11 (full 2):
 PSYoungGen      total 118272K, used 8724K [0x00000000eab00000, 0x00000000f6f00000, 0x0000000100000000)
  eden space 105984K, 0% used [0x00000000eab00000,0x00000000eab00000,0x00000000f1280000)
  from space 12288K, 71% used [0x00000000f1280000,0x00000000f1b05320,0x00000000f1e80000)
  to   space 13312K, 0% used [0x00000000f6200000,0x00000000f6200000,0x00000000f6f00000)
 ParOldGen       total 56320K, used 15274K [0x00000000c0000000, 0x00000000c3700000, 0x00000000eab00000)
  object space 56320K, 27% used [0x00000000c0000000,0x00000000c0eea920,0x00000000c3700000)
 Metaspace       used 29078K, capacity 29982K, committed 30080K, reserved 1075200K
  class space    used 3870K, capacity 4166K, committed 4224K, reserved 1048576K
}

