# JRE version: Java(TM) SE Runtime Environment (8.0_51-b16) (build 1.8.0_51-b16)
# Java VM: Java HotSpot(TM) 64-Bit Server VM (25.51-b03 mixed mode windows-amd64 compressed oops)
Heap:
 PSYoungGen      total 458240K, used 391242K [0x00000000d6d00000, 0x00000000f3f80000, 0x0000000100000000)
  eden space 440832K, 88% used [0x00000000d6d00000,0x00000000eeb12b98,0x00000000f1b80000)
  from space 17408K, 0% used [0x00000000f2e00000,0x00000000f2e00000,0x00000000f3f00000)
  to   space 18432K, 0% used [0x00000000f1b80000,0x00000000f1b80000,0x00000000f2d80000)
 ParOldGen       total 86528K, used 23333K [0x0000000084600000, 0x0000000089a80000, 0x00000000d6d00000)
  object space 86528K, 26% used [0x0000000084600000,0x0000000085cc9598,0x0000000089a80000)
 Metaspace       used 55690K, capacity 56164K, committed 56616K, reserved 1099776K
  class space    used 6978K, capacity 7131K, committed 7216K, reserved 1048576K
GC Heap History (10 events):
Event: 4.739 GC heap before
{Heap before GC invocations=6 (full 0):
 PSYoungGen      total 132096K, used 20866K [0x00000000d6d00000, 0x00000000e8100000, 0x0000000100000000)
  eden space 126976K, 12% used [0x00000000d6d00000,0x00000000d7c64e48,0x00000000de900000)
  from space 5120K, 99% used [0x00000000de900000,0x00000000dedfba78,0x00000000dee00000)
  to   space 14336K, 0% used [0x00000000e7300000,0x00000000e7300000,0x00000000e8100000)
 ParOldGen       total 84992K, used 18358K [0x0000000084600000, 0x0000000089900000, 0x00000000d6d00000)
  object space 84992K, 21% used [0x0000000084600000,0x00000000857eda40,0x0000000089900000)
 Metaspace       used 21031K, capacity 21188K, committed 21296K, reserved 1069056K
  class space    used 2557K, capacity 2587K, committed 2608K, reserved 1048576K
Event: 4.756 GC heap after
Heap after GC invocations=6 (full 0):
 PSYoungGen      total 267264K, used 5962K [0x00000000d6d00000, 0x00000000e8000000, 0x0000000100000000)
  eden space 253952K, 0% used [0x00000000d6d00000,0x00000000d6d00000,0x00000000e6500000)
  from space 13312K, 44% used [0x00000000e7300000,0x00000000e78d2a70,0x00000000e8000000)
  to   space 13824K, 0% used [0x00000000e6500000,0x00000000e6500000,0x00000000e7280000)
 ParOldGen       total 84992K, used 18366K [0x0000000084600000, 0x0000000089900000, 0x00000000d6d00000)
  object space 84992K, 21% used [0x0000000084600000,0x00000000857efa40,0x0000000089900000)
 Metaspace       used 21031K, capacity 21188K, committed 21296K, reserved 1069056K
  class space    used 2557K, capacity 2587K, committed 2608K, reserved 1048576K
}
Event: 4.756 GC heap before
{Heap before GC invocations=7 (full 1):
 PSYoungGen      total 267264K, used 5962K [0x00000000d6d00000, 0x00000000e8000000, 0x0000000100000000)
  eden space 253952K, 0% used [0x00000000d6d00000,0x00000000d6d00000,0x00000000e6500000)
  from space 13312K, 44% used [0x00000000e7300000,0x00000000e78d2a70,0x00000000e8000000)
  to   space 13824K, 0% used [0x00000000e6500000,0x00000000e6500000,0x00000000e7280000)
 ParOldGen       total 84992K, used 18366K [0x0000000084600000, 0x0000000089900000, 0x00000000d6d00000)
  object space 84992K, 21% used [0x0000000084600000,0x00000000857efa40,0x0000000089900000)
 Metaspace       used 21031K, capacity 21188K, committed 21296K, reserved 1069056K
  class space    used 2557K, capacity 2587K, committed 2608K, reserved 1048576K
Event: 4.830 GC heap after
Heap after GC invocations=7 (full 1):
 PSYoungGen      total 267264K, used 0K [0x00000000d6d00000, 0x00000000e8000000, 0x0000000100000000)
  eden space 253952K, 0% used [0x00000000d6d00000,0x00000000d6d00000,0x00000000e6500000)
  from space 13312K, 0% used [0x00000000e7300000,0x00000000e7300000,0x00000000e8000000)
  to   space 13824K, 0% used [0x00000000e6500000,0x00000000e6500000,0x00000000e7280000)
 ParOldGen       total 63488K, used 15669K [0x0000000084600000, 0x0000000088400000, 0x00000000d6d00000)
  object space 63488K, 24% used [0x0000000084600000,0x000000008554d5c0,0x0000000088400000)
 Metaspace       used 21031K, capacity 21188K, committed 21296K, reserved 1069056K
  class space    used 2557K, capacity 2587K, committed 2608K, reserved 1048576K
}
Event: 7.696 GC heap before
{Heap before GC invocations=8 (full 1):
 PSYoungGen      total 267264K, used 253952K [0x00000000d6d00000, 0x00000000e8000000, 0x0000000100000000)
  eden space 253952K, 100% used [0x00000000d6d00000,0x00000000e6500000,0x00000000e6500000)
  from space 13312K, 0% used [0x00000000e7300000,0x00000000e7300000,0x00000000e8000000)
  to   space 13824K, 0% used [0x00000000e6500000,0x00000000e6500000,0x00000000e7280000)
 ParOldGen       total 63488K, used 15669K [0x0000000084600000, 0x0000000088400000, 0x00000000d6d00000)
  object space 63488K, 24% used [0x0000000084600000,0x000000008554d5c0,0x0000000088400000)
 Metaspace       used 30254K, capacity 30526K, committed 30768K, reserved 1077248K
  class space    used 3724K, capacity 3786K, committed 3888K, reserved 1048576K
Event: 7.731 GC heap after
Heap after GC invocations=8 (full 1):
 PSYoungGen      total 267776K, used 13821K [0x00000000d6d00000, 0x00000000f3f00000, 0x0000000100000000)
  eden space 253952K, 0% used [0x00000000d6d00000,0x00000000d6d00000,0x00000000e6500000)
  from space 13824K, 99% used [0x00000000e6500000,0x00000000e727f5c0,0x00000000e7280000)
  to   space 17408K, 0% used [0x00000000f2e00000,0x00000000f2e00000,0x00000000f3f00000)
 ParOldGen       total 63488K, used 18650K [0x0000000084600000, 0x0000000088400000, 0x00000000d6d00000)
  object space 63488K, 29% used [0x0000000084600000,0x0000000085836b90,0x0000000088400000)
 Metaspace       used 30254K, capacity 30526K, committed 30768K, reserved 1077248K
  class space    used 3724K, capacity 3786K, committed 3888K, reserved 1048576K
}
Event: 8.581 GC heap before
{Heap before GC invocations=9 (full 1):
 PSYoungGen      total 267776K, used 68055K [0x00000000d6d00000, 0x00000000f3f00000, 0x0000000100000000)
  eden space 253952K, 21% used [0x00000000d6d00000,0x00000000da1f69d8,0x00000000e6500000)
  from space 13824K, 99% used [0x00000000e6500000,0x00000000e727f5c0,0x00000000e7280000)
  to   space 17408K, 0% used [0x00000000f2e00000,0x00000000f2e00000,0x00000000f3f00000)
 ParOldGen       total 63488K, used 18650K [0x0000000084600000, 0x0000000088400000, 0x00000000d6d00000)
  object space 63488K, 29% used [0x0000000084600000,0x0000000085836b90,0x0000000088400000)
 Metaspace       used 35043K, capacity 35294K, committed 35496K, reserved 1081344K
  class space    used 4448K, capacity 4520K, committed 4528K, reserved 1048576K
Event: 8.615 GC heap after
Heap after GC invocations=9 (full 1):
 PSYoungGen      total 458240K, used 13693K [0x00000000d6d00000, 0x00000000f3f80000, 0x0000000100000000)
  eden space 440832K, 0% used [0x00000000d6d00000,0x00000000d6d00000,0x00000000f1b80000)
  from space 17408K, 78% used [0x00000000f2e00000,0x00000000f3b5f4b8,0x00000000f3f00000)
  to   space 18432K, 0% used [0x00000000f1b80000,0x00000000f1b80000,0x00000000f2d80000)
 ParOldGen       total 63488K, used 18658K [0x0000000084600000, 0x0000000088400000, 0x00000000d6d00000)
  object space 63488K, 29% used [0x0000000084600000,0x0000000085838b90,0x0000000088400000)
 Metaspace       used 35043K, capacity 35294K, committed 35496K, reserved 1081344K
  class space    used 4448K, capacity 4520K, committed 4528K, reserved 1048576K
}
Event: 8.615 GC heap before
{Heap before GC invocations=10 (full 2):
 PSYoungGen      total 458240K, used 13693K [0x00000000d6d00000, 0x00000000f3f80000, 0x0000000100000000)
  eden space 440832K, 0% used [0x00000000d6d00000,0x00000000d6d00000,0x00000000f1b80000)
  from space 17408K, 78% used [0x00000000f2e00000,0x00000000f3b5f4b8,0x00000000f3f00000)
  to   space 18432K, 0% used [0x00000000f1b80000,0x00000000f1b80000,0x00000000f2d80000)
 ParOldGen       total 63488K, used 18658K [0x0000000084600000, 0x0000000088400000, 0x00000000d6d00000)
  object space 63488K, 29% used [0x0000000084600000,0x0000000085838b90,0x0000000088400000)
 Metaspace       used 35043K, capacity 35294K, committed 35496K, reserved 1081344K
  class space    used 4448K, capacity 4520K, committed 4528K, reserved 1048576K
Event: 8.783 GC heap after
Heap after GC invocations=10 (full 2):
 PSYoungGen      total 458240K, used 0K [0x00000000d6d00000, 0x00000000f3f80000, 0x0000000100000000)
  eden space 440832K, 0% used [0x00000000d6d00000,0x00000000d6d00000,0x00000000f1b80000)
  from space 17408K, 0% used [0x00000000f2e00000,0x00000000f2e00000,0x00000000f3f00000)
  to   space 18432K, 0% used [0x00000000f1b80000,0x00000000f1b80000,0x00000000f2d80000)
 ParOldGen       total 86528K, used 23333K [0x0000000084600000, 0x0000000089a80000, 0x00000000d6d00000)
  object space 86528K, 26% used [0x0000000084600000,0x0000000085cc9598,0x0000000089a80000)
 Metaspace       used 35043K, capacity 35294K, committed 35496K, reserved 1081344K
  class space    used 4448K, capacity 4520K, committed 4528K, reserved 1048576K
}

